#
# There is insufficient memory for the Java Runtime Environment to continue.
# Native memory allocation (malloc) failed to allocate 1934256 bytes. Error detail: Chunk::new
# Possible reasons:
#   The system is out of physical RAM or swap space
#   This process is running with CompressedOops enabled, and the Java Heap may be blocking the growth of the native heap
# Possible solutions:
#   Reduce memory load on the system
#   Increase physical memory or swap space
#   Check if swap backing store is full
#   Decrease Java heap size (-Xmx/-Xms)
#   Decrease number of Java threads
#   Decrease Java thread stack sizes (-Xss)
#   Set larger code cache with -XX:ReservedCodeCacheSize=
#   JVM is running with Unscaled Compressed Oops mode in which the Java heap is
#     placed in the first 4GB address space. The Java Heap base address is the
#     maximum limit for the native heap growth. Please use -XX:HeapBaseMinAddress
#     to set the Java Heap base and to place the Java Heap above 4GB virtual address.
# This output file may be truncated or incomplete.
#
#  Out of Memory Error (arena.cpp:191), pid=9336, tid=14036
#
# JRE version: OpenJDK Runtime Environment JBR-17.0.14+1-1367.22-nomod (17.0.14+1) (build 17.0.14+1-b1367.22)
# Java VM: OpenJDK 64-Bit Server VM JBR-17.0.14+1-1367.22-nomod (17.0.14+1-b1367.22, mixed mode, sharing, tiered, compressed oops, compressed class ptrs, g1 gc, windows-amd64)
# No core dump will be written. Minidumps are not enabled by default on client versions of Windows
#

---------------  S U M M A R Y ------------

Command Line: org.jetbrains.kotlin.cli.jvm.K2JVMCompiler @D:\TrueVoice\TrueVoice\app\build\20260327_16919576454681409587.compiler.options

Host: AMD Ryzen 5 7520U with Radeon Graphics         , 8 cores, 7G,  Windows 11 , 64 bit Build 26100 (10.0.26100.7920)
Time: Fri Mar 27 20:46:54 2026 India Standard Time elapsed time: 8.304057 seconds (0d 0h 0m 8s)

---------------  T H R E A D  ---------------

Current thread (0x0000029f32bec040):  JavaThread "C2 CompilerThread1" daemon [_thread_in_native, id=14036, stack(0x000000b091400000,0x000000b091500000)]


Current CompileTask:
C2:   8304 8795       4       org.jetbrains.kotlin.cli.jvm.index.JvmDependenciesIndexImpl::search (386 bytes)

Stack: [0x000000b091400000,0x000000b091500000]
Native frames: (J=compiled Java code, j=interpreted, Vv=VM code, C=native code)
V  [jvm.dll+0x68b969]
V  [jvm.dll+0x84572a]
V  [jvm.dll+0x8473ae]
V  [jvm.dll+0x847a13]
V  [jvm.dll+0x24a83f]
V  [jvm.dll+0xaca04]
V  [jvm.dll+0xad04c]
V  [jvm.dll+0x36af67]
V  [jvm.dll+0x3352ca]
V  [jvm.dll+0x33476a]
V  [jvm.dll+0x21c231]
V  [jvm.dll+0x21b671]
V  [jvm.dll+0x1a6acd]
V  [jvm.dll+0x22b58e]
V  [jvm.dll+0x2296d5]
V  [jvm.dll+0x7f9637]
V  [jvm.dll+0x7f3a1c]
V  [jvm.dll+0x68a7c7]
C  [ucrtbase.dll+0x37b0]
C  [KERNEL32.DLL+0x2e8d7]
C  [ntdll.dll+0x8c48c]


---------------  P R O C E S S  ---------------

Threads class SMR info:
_java_thread_list=0x0000029f7a48ccf0, length=14, elements={
0x0000029f18ce5760, 0x0000029f3275a6d0, 0x0000029f3275dc10, 0x0000029f32773210,
0x0000029f32773bd0, 0x0000029f32774590, 0x0000029f32785ef0, 0x0000029f327a93a0,
0x0000029f327ac270, 0x0000029f327bd430, 0x0000029f32b1bf20, 0x0000029f32b1c940,
0x0000029f32bec040, 0x0000029f7a2ca1f0
}

Java Threads: ( => current thread )
  0x0000029f18ce5760 JavaThread "main" [_thread_in_Java, id=19520, stack(0x000000b090100000,0x000000b090200000)]
  0x0000029f3275a6d0 JavaThread "Reference Handler" daemon [_thread_blocked, id=13016, stack(0x000000b090800000,0x000000b090900000)]
  0x0000029f3275dc10 JavaThread "Finalizer" daemon [_thread_blocked, id=23172, stack(0x000000b090900000,0x000000b090a00000)]
  0x0000029f32773210 JavaThread "Signal Dispatcher" daemon [_thread_blocked, id=17336, stack(0x000000b090a00000,0x000000b090b00000)]
  0x0000029f32773bd0 JavaThread "Attach Listener" daemon [_thread_blocked, id=23700, stack(0x000000b090b00000,0x000000b090c00000)]
  0x0000029f32774590 JavaThread "Service Thread" daemon [_thread_blocked, id=20200, stack(0x000000b090c00000,0x000000b090d00000)]
  0x0000029f32785ef0 JavaThread "Monitor Deflation Thread" daemon [_thread_blocked, id=24480, stack(0x000000b090d00000,0x000000b090e00000)]
  0x0000029f327a93a0 JavaThread "C2 CompilerThread0" daemon [_thread_in_native, id=20988, stack(0x000000b090e00000,0x000000b090f00000)]
  0x0000029f327ac270 JavaThread "C1 CompilerThread0" daemon [_thread_blocked, id=18212, stack(0x000000b090f00000,0x000000b091000000)]
  0x0000029f327bd430 JavaThread "Sweeper thread" daemon [_thread_in_vm, id=12956, stack(0x000000b091000000,0x000000b091100000)]
  0x0000029f32b1bf20 JavaThread "Notification Thread" daemon [_thread_blocked, id=10884, stack(0x000000b091100000,0x000000b091200000)]
  0x0000029f32b1c940 JavaThread "Common-Cleaner" daemon [_thread_blocked, id=4476, stack(0x000000b091300000,0x000000b091400000)]
=>0x0000029f32bec040 JavaThread "C2 CompilerThread1" daemon [_thread_in_native, id=14036, stack(0x000000b091400000,0x000000b091500000)]
  0x0000029f7a2ca1f0 JavaThread "C2 CompilerThread2" daemon [_thread_in_native, id=24456, stack(0x000000b091d00000,0x000000b091e00000)]

Other Threads:
  0x0000029f32752f70 VMThread "VM Thread" [stack: 0x000000b090700000,0x000000b090800000] [id=3816]
  0x0000029f32b1f160 WatcherThread [stack: 0x000000b091200000,0x000000b091300000] [id=21720]
  0x0000029f18d3e2a0 GCTaskThread "GC Thread#0" [stack: 0x000000b090200000,0x000000b090300000] [id=1200]
  0x0000029f780ece90 GCTaskThread "GC Thread#1" [stack: 0x000000b091500000,0x000000b091600000] [id=6648]
  0x0000029f78103230 GCTaskThread "GC Thread#2" [stack: 0x000000b091600000,0x000000b091700000] [id=23620]
  0x0000029f78251be0 GCTaskThread "GC Thread#3" [stack: 0x000000b091700000,0x000000b091800000] [id=19268]
  0x0000029f78261eb0 GCTaskThread "GC Thread#4" [stack: 0x000000b091800000,0x000000b091900000] [id=24548]
  0x0000029f787e8040 GCTaskThread "GC Thread#5" [stack: 0x000000b091900000,0x000000b091a00000] [id=23856]
  0x0000029f787f5320 GCTaskThread "GC Thread#6" [stack: 0x000000b091a00000,0x000000b091b00000] [id=21312]
  0x0000029f78799860 GCTaskThread "GC Thread#7" [stack: 0x000000b091b00000,0x000000b091c00000] [id=22508]
  0x0000029f18d51c80 ConcurrentGCThread "G1 Main Marker" [stack: 0x000000b090300000,0x000000b090400000] [id=11820]
  0x0000029f18d540c0 ConcurrentGCThread "G1 Conc#0" [stack: 0x000000b090400000,0x000000b090500000] [id=2920]
  0x0000029f7913d580 ConcurrentGCThread "G1 Conc#1" [stack: 0x000000b091c00000,0x000000b091d00000] [id=6228]
  0x0000029f326120c0 ConcurrentGCThread "G1 Refine#0" [stack: 0x000000b090500000,0x000000b090600000] [id=23840]
  0x0000029f32613400 ConcurrentGCThread "G1 Service" [stack: 0x000000b090600000,0x000000b090700000] [id=8472]

Threads with active compile tasks:
C2 CompilerThread0     8364 8976       4       org.jetbrains.org.objectweb.asm.ClassReader::accept (1380 bytes)
C2 CompilerThread1     8364 8795       4       org.jetbrains.kotlin.cli.jvm.index.JvmDependenciesIndexImpl::search (386 bytes)
C2 CompilerThread2     8364 8925       4       org.jetbrains.kotlin.load.java.structure.impl.classFiles.BinaryJavaMethodBase$Companion::create (572 bytes)

VM state: not at safepoint (normal execution)

VM Mutex/Monitor currently owned by a thread: None

Heap address: 0x000000008b800000, size: 1864 MB, Compressed Oops mode: 32-bit

CDS archive(s) mapped at: [0x0000029f33000000-0x0000029f33c00000-0x0000029f33c00000), size 12582912, SharedBaseAddress: 0x0000029f33000000, ArchiveRelocationMode: 1.
Compressed class space mapped at: 0x0000029f34000000-0x0000029f74000000, reserved size: 1073741824
Narrow klass base: 0x0000029f33000000, Narrow klass shift: 0, Narrow klass range: 0x100000000

GC Precious Log:
 CPUs: 8 total, 8 available
 Memory: 7455M
 Large Page Support: Disabled
 NUMA Support: Disabled
 Compressed Oops: Enabled (32-bit)
 Heap Region Size: 1M
 Heap Min Capacity: 8M
 Heap Initial Capacity: 118M
 Heap Max Capacity: 1864M
 Pre-touch: Disabled
 Parallel Workers: 8
 Concurrent Workers: 2
 Concurrent Refinement Workers: 8
 Periodic GC: Disabled

Heap:
 garbage-first heap   total 98304K, used 74716K [0x000000008b800000, 0x0000000100000000)
  region size 1024K, 29 young (29696K), 4 survivors (4096K)
 Metaspace       used 52729K, committed 53056K, reserved 1114112K
  class space    used 6234K, committed 6400K, reserved 1048576K

Heap Regions: E=young(eden), S=young(survivor), O=old, HS=humongous(starts), HC=humongous(continues), CS=collection set, F=free, OA=open archive, CA=closed archive, TAMS=top-at-mark-start (previous, next)
|   0|0x000000008b800000, 0x000000008b900000, 0x000000008b900000|100%|HS|  |TAMS 0x000000008b900000, 0x000000008b800000| Complete 
|   1|0x000000008b900000, 0x000000008ba00000, 0x000000008ba00000|100%|HC|  |TAMS 0x000000008ba00000, 0x000000008b900000| Complete 
|   2|0x000000008ba00000, 0x000000008bb00000, 0x000000008bb00000|100%|HC|  |TAMS 0x000000008bb00000, 0x000000008ba00000| Complete 
|   3|0x000000008bb00000, 0x000000008bc00000, 0x000000008bc00000|100%|HC|  |TAMS 0x000000008bc00000, 0x000000008bb00000| Complete 
|   4|0x000000008bc00000, 0x000000008bd00000, 0x000000008bd00000|100%| O|  |TAMS 0x000000008bd00000, 0x000000008bc00000| Untracked 
|   5|0x000000008bd00000, 0x000000008be00000, 0x000000008be00000|100%| O|  |TAMS 0x000000008be00000, 0x000000008bd00000| Untracked 
|   6|0x000000008be00000, 0x000000008bf00000, 0x000000008bf00000|100%|HS|  |TAMS 0x000000008bf00000, 0x000000008be00000| Complete 
|   7|0x000000008bf00000, 0x000000008c000000, 0x000000008c000000|100%|HC|  |TAMS 0x000000008c000000, 0x000000008bf00000| Complete 
|   8|0x000000008c000000, 0x000000008c100000, 0x000000008c100000|100%| O|  |TAMS 0x000000008c100000, 0x000000008c000000| Untracked 
|   9|0x000000008c100000, 0x000000008c200000, 0x000000008c200000|100%| O|  |TAMS 0x000000008c200000, 0x000000008c100000| Untracked 
|  10|0x000000008c200000, 0x000000008c300000, 0x000000008c300000|100%| O|  |TAMS 0x000000008c300000, 0x000000008c200000| Untracked 
|  11|0x000000008c300000, 0x000000008c400000, 0x000000008c400000|100%| O|  |TAMS 0x000000008c400000, 0x000000008c300000| Untracked 
|  12|0x000000008c400000, 0x000000008c500000, 0x000000008c500000|100%| O|  |TAMS 0x000000008c500000, 0x000000008c400000| Untracked 
|  13|0x000000008c500000, 0x000000008c600000, 0x000000008c600000|100%| O|  |TAMS 0x000000008c600000, 0x000000008c500000| Untracked 
|  14|0x000000008c600000, 0x000000008c700000, 0x000000008c700000|100%| O|  |TAMS 0x000000008c700000, 0x000000008c600000| Untracked 
|  15|0x000000008c700000, 0x000000008c800000, 0x000000008c800000|100%| O|  |TAMS 0x000000008c800000, 0x000000008c700000| Untracked 
|  16|0x000000008c800000, 0x000000008c900000, 0x000000008c900000|100%| O|  |TAMS 0x000000008c900000, 0x000000008c800000| Untracked 
|  17|0x000000008c900000, 0x000000008ca00000, 0x000000008ca00000|100%| O|  |TAMS 0x000000008ca00000, 0x000000008c900000| Untracked 
|  18|0x000000008ca00000, 0x000000008cb00000, 0x000000008cb00000|100%| O|  |TAMS 0x000000008cb00000, 0x000000008ca00000| Untracked 
|  19|0x000000008cb00000, 0x000000008cc00000, 0x000000008cc00000|100%| O|  |TAMS 0x000000008cc00000, 0x000000008cb00000| Untracked 
|  20|0x000000008cc00000, 0x000000008cd00000, 0x000000008cd00000|100%| O|  |TAMS 0x000000008cd00000, 0x000000008cc00000| Untracked 
|  21|0x000000008cd00000, 0x000000008ce00000, 0x000000008ce00000|100%| O|  |TAMS 0x000000008ce00000, 0x000000008cd00000| Untracked 
|  22|0x000000008ce00000, 0x000000008cf00000, 0x000000008cf00000|100%| O|  |TAMS 0x000000008cf00000, 0x000000008ce00000| Untracked 
|  23|0x000000008cf00000, 0x000000008d000000, 0x000000008d000000|100%| O|  |TAMS 0x000000008d000000, 0x000000008cf00000| Untracked 
|  24|0x000000008d000000, 0x000000008d100000, 0x000000008d100000|100%| O|  |TAMS 0x000000008d100000, 0x000000008d000000| Untracked 
|  25|0x000000008d100000, 0x000000008d200000, 0x000000008d200000|100%| O|  |TAMS 0x000000008d200000, 0x000000008d100000| Untracked 
|  26|0x000000008d200000, 0x000000008d215a00, 0x000000008d300000|  8%| O|  |TAMS 0x000000008d215a00, 0x000000008d200000| Complete 
|  27|0x000000008d300000, 0x000000008d400000, 0x000000008d400000|100%| O|  |TAMS 0x000000008d400000, 0x000000008d300000| Untracked 
|  28|0x000000008d400000, 0x000000008d500000, 0x000000008d500000|100%| O|  |TAMS 0x000000008d500000, 0x000000008d400000| Untracked 
|  29|0x000000008d500000, 0x000000008d600000, 0x000000008d600000|100%| O|  |TAMS 0x000000008d600000, 0x000000008d500000| Untracked 
|  30|0x000000008d600000, 0x000000008d700000, 0x000000008d700000|100%| O|  |TAMS 0x000000008d700000, 0x000000008d600000| Untracked 
|  31|0x000000008d700000, 0x000000008d800000, 0x000000008d800000|100%| O|  |TAMS 0x000000008d800000, 0x000000008d700000| Untracked 
|  32|0x000000008d800000, 0x000000008d900000, 0x000000008d900000|100%| O|  |TAMS 0x000000008d900000, 0x000000008d800000| Untracked 
|  33|0x000000008d900000, 0x000000008da00000, 0x000000008da00000|100%| O|  |TAMS 0x000000008da00000, 0x000000008d900000| Untracked 
|  34|0x000000008da00000, 0x000000008db00000, 0x000000008db00000|100%| O|  |TAMS 0x000000008db00000, 0x000000008da00000| Untracked 
|  35|0x000000008db00000, 0x000000008dc00000, 0x000000008dc00000|100%| O|  |TAMS 0x000000008dc00000, 0x000000008db00000| Untracked 
|  36|0x000000008dc00000, 0x000000008dd00000, 0x000000008dd00000|100%| O|  |TAMS 0x000000008dd00000, 0x000000008dc00000| Untracked 
|  37|0x000000008dd00000, 0x000000008dd00000, 0x000000008de00000|  0%| F|  |TAMS 0x000000008dd00000, 0x000000008dd00000| Untracked 
|  38|0x000000008de00000, 0x000000008df00000, 0x000000008df00000|100%| O|  |TAMS 0x000000008df00000, 0x000000008de00000| Untracked 
|  39|0x000000008df00000, 0x000000008e000000, 0x000000008e000000|100%| O|  |TAMS 0x000000008e000000, 0x000000008df00000| Untracked 
|  40|0x000000008e000000, 0x000000008e100000, 0x000000008e100000|100%| O|  |TAMS 0x000000008e100000, 0x000000008e000000| Untracked 
|  41|0x000000008e100000, 0x000000008e200000, 0x000000008e200000|100%| O|  |TAMS 0x000000008e200000, 0x000000008e100000| Untracked 
|  42|0x000000008e200000, 0x000000008e300000, 0x000000008e300000|100%| O|  |TAMS 0x000000008e300000, 0x000000008e200000| Untracked 
|  43|0x000000008e300000, 0x000000008e400000, 0x000000008e400000|100%| O|  |TAMS 0x000000008e300000, 0x000000008e300000| Untracked 
|  44|0x000000008e400000, 0x000000008e500000, 0x000000008e500000|100%| O|  |TAMS 0x000000008e400000, 0x000000008e400000| Untracked 
|  45|0x000000008e500000, 0x000000008e600000, 0x000000008e600000|100%| O|  |TAMS 0x000000008e500000, 0x000000008e500000| Untracked 
|  46|0x000000008e600000, 0x000000008e6e1600, 0x000000008e700000| 88%| O|  |TAMS 0x000000008e600000, 0x000000008e600000| Untracked 
|  47|0x000000008e700000, 0x000000008e700000, 0x000000008e800000|  0%| F|  |TAMS 0x000000008e700000, 0x000000008e700000| Untracked 
|  48|0x000000008e800000, 0x000000008e800000, 0x000000008e900000|  0%| F|  |TAMS 0x000000008e800000, 0x000000008e800000| Untracked 
|  49|0x000000008e900000, 0x000000008e900000, 0x000000008ea00000|  0%| F|  |TAMS 0x000000008e900000, 0x000000008e900000| Untracked 
|  50|0x000000008ea00000, 0x000000008ea00000, 0x000000008eb00000|  0%| F|  |TAMS 0x000000008ea00000, 0x000000008ea00000| Untracked 
|  51|0x000000008eb00000, 0x000000008eb00000, 0x000000008ec00000|  0%| F|  |TAMS 0x000000008eb00000, 0x000000008eb00000| Untracked 
|  52|0x000000008ec00000, 0x000000008ec00000, 0x000000008ed00000|  0%| F|  |TAMS 0x000000008ec00000, 0x000000008ec00000| Untracked 
|  53|0x000000008ed00000, 0x000000008ed00000, 0x000000008ee00000|  0%| F|  |TAMS 0x000000008ed00000, 0x000000008ed00000| Untracked 
|  54|0x000000008ee00000, 0x000000008ee00000, 0x000000008ef00000|  0%| F|  |TAMS 0x000000008ee00000, 0x000000008ee00000| Untracked 
|  55|0x000000008ef00000, 0x000000008ef00000, 0x000000008f000000|  0%| F|  |TAMS 0x000000008ef00000, 0x000000008ef00000| Untracked 
|  56|0x000000008f000000, 0x000000008f000000, 0x000000008f100000|  0%| F|  |TAMS 0x000000008f000000, 0x000000008f000000| Untracked 
|  57|0x000000008f100000, 0x000000008f100000, 0x000000008f200000|  0%| F|  |TAMS 0x000000008f100000, 0x000000008f100000| Untracked 
|  58|0x000000008f200000, 0x000000008f200000, 0x000000008f300000|  0%| F|  |TAMS 0x000000008f200000, 0x000000008f200000| Untracked 
|  59|0x000000008f300000, 0x000000008f300000, 0x000000008f400000|  0%| F|  |TAMS 0x000000008f300000, 0x000000008f300000| Untracked 
|  60|0x000000008f400000, 0x000000008f400000, 0x000000008f500000|  0%| F|  |TAMS 0x000000008f400000, 0x000000008f400000| Untracked 
|  61|0x000000008f500000, 0x000000008f500000, 0x000000008f600000|  0%| F|  |TAMS 0x000000008f500000, 0x000000008f500000| Untracked 
|  62|0x000000008f600000, 0x000000008f600000, 0x000000008f700000|  0%| F|  |TAMS 0x000000008f600000, 0x000000008f600000| Untracked 
|  63|0x000000008f700000, 0x000000008f700000, 0x000000008f800000|  0%| F|  |TAMS 0x000000008f700000, 0x000000008f700000| Untracked 
|  64|0x000000008f800000, 0x000000008f900000, 0x000000008f900000|100%| S|CS|TAMS 0x000000008f800000, 0x000000008f800000| Complete 
|  65|0x000000008f900000, 0x000000008fa00000, 0x000000008fa00000|100%| S|CS|TAMS 0x000000008f900000, 0x000000008f900000| Complete 
|  66|0x000000008fa00000, 0x000000008fb00000, 0x000000008fb00000|100%| S|CS|TAMS 0x000000008fa00000, 0x000000008fa00000| Complete 
|  67|0x000000008fb00000, 0x000000008fc00000, 0x000000008fc00000|100%| S|CS|TAMS 0x000000008fb00000, 0x000000008fb00000| Complete 
|  68|0x000000008fc00000, 0x000000008fc00000, 0x000000008fd00000|  0%| F|  |TAMS 0x000000008fc00000, 0x000000008fc00000| Untracked 
|  69|0x000000008fd00000, 0x000000008fd00000, 0x000000008fe00000|  0%| F|  |TAMS 0x000000008fd00000, 0x000000008fd00000| Untracked 
|  70|0x000000008fe00000, 0x000000008fefd708, 0x000000008ff00000| 98%| E|  |TAMS 0x000000008fe00000, 0x000000008fe00000| Complete 
|  71|0x000000008ff00000, 0x0000000090000000, 0x0000000090000000|100%| E|CS|TAMS 0x000000008ff00000, 0x000000008ff00000| Complete 
|  72|0x0000000090000000, 0x0000000090100000, 0x0000000090100000|100%| E|CS|TAMS 0x0000000090000000, 0x0000000090000000| Complete 
|  73|0x0000000090100000, 0x0000000090200000, 0x0000000090200000|100%| E|CS|TAMS 0x0000000090100000, 0x0000000090100000| Complete 
|  74|0x0000000090200000, 0x0000000090300000, 0x0000000090300000|100%| E|CS|TAMS 0x0000000090200000, 0x0000000090200000| Complete 
|  75|0x0000000090300000, 0x0000000090400000, 0x0000000090400000|100%| E|CS|TAMS 0x0000000090300000, 0x0000000090300000| Complete 
|  76|0x0000000090400000, 0x0000000090500000, 0x0000000090500000|100%| E|CS|TAMS 0x0000000090400000, 0x0000000090400000| Complete 
|  77|0x0000000090500000, 0x0000000090600000, 0x0000000090600000|100%| E|CS|TAMS 0x0000000090500000, 0x0000000090500000| Complete 
|  78|0x0000000090600000, 0x0000000090700000, 0x0000000090700000|100%| E|CS|TAMS 0x0000000090600000, 0x0000000090600000| Complete 
|  79|0x0000000090700000, 0x0000000090800000, 0x0000000090800000|100%| E|CS|TAMS 0x0000000090700000, 0x0000000090700000| Complete 
|  80|0x0000000090800000, 0x0000000090900000, 0x0000000090900000|100%| E|CS|TAMS 0x0000000090800000, 0x0000000090800000| Complete 
|  81|0x0000000090900000, 0x0000000090a00000, 0x0000000090a00000|100%| E|CS|TAMS 0x0000000090900000, 0x0000000090900000| Complete 
|  82|0x0000000090a00000, 0x0000000090b00000, 0x0000000090b00000|100%| E|CS|TAMS 0x0000000090a00000, 0x0000000090a00000| Complete 
|  83|0x0000000090b00000, 0x0000000090c00000, 0x0000000090c00000|100%| E|CS|TAMS 0x0000000090b00000, 0x0000000090b00000| Complete 
|  84|0x0000000090c00000, 0x0000000090d00000, 0x0000000090d00000|100%| E|CS|TAMS 0x0000000090c00000, 0x0000000090c00000| Complete 
|  85|0x0000000090d00000, 0x0000000090e00000, 0x0000000090e00000|100%| E|CS|TAMS 0x0000000090d00000, 0x0000000090d00000| Complete 
|  86|0x0000000090e00000, 0x0000000090f00000, 0x0000000090f00000|100%| E|CS|TAMS 0x0000000090e00000, 0x0000000090e00000| Complete 
|  87|0x0000000090f00000, 0x0000000091000000, 0x0000000091000000|100%| E|CS|TAMS 0x0000000090f00000, 0x0000000090f00000| Complete 
|  88|0x0000000091000000, 0x0000000091100000, 0x0000000091100000|100%| E|  |TAMS 0x0000000091000000, 0x0000000091000000| Complete 
|  89|0x0000000091100000, 0x0000000091200000, 0x0000000091200000|100%| E|CS|TAMS 0x0000000091100000, 0x0000000091100000| Complete 
|  90|0x0000000091200000, 0x0000000091300000, 0x0000000091300000|100%| E|CS|TAMS 0x0000000091200000, 0x0000000091200000| Complete 
|  91|0x0000000091300000, 0x0000000091400000, 0x0000000091400000|100%| E|CS|TAMS 0x0000000091300000, 0x0000000091300000| Complete 
|  92|0x0000000091400000, 0x0000000091500000, 0x0000000091500000|100%| E|CS|TAMS 0x0000000091400000, 0x0000000091400000| Complete 
|  93|0x0000000091500000, 0x0000000091600000, 0x0000000091600000|100%| E|CS|TAMS 0x0000000091500000, 0x0000000091500000| Complete 
| 117|0x0000000092d00000, 0x0000000092e00000, 0x0000000092e00000|100%| E|CS|TAMS 0x0000000092d00000, 0x0000000092d00000| Complete 
|1863|0x00000000fff00000, 0x0000000100000000, 0x0000000100000000|100%| O|  |TAMS 0x0000000100000000, 0x00000000fff00000| Untracked 

Card table byte_map: [0x0000029f2bbb0000,0x0000029f2bf60000] _byte_map_base: 0x0000029f2b754000

Marking Bits (Prev, Next): (CMBitMap*) 0x0000029f18d3f910, (CMBitMap*) 0x0000029f18d3f8d0
 Prev Bits: [0x0000029f2e030000, 0x0000029f2fd50000)
 Next Bits: [0x0000029f2c310000, 0x0000029f2e030000)

Polling page: 0x0000029f16bf0000

Metaspace:

Usage:
  Non-class:     45.41 MB used.
      Class:      6.09 MB used.
       Both:     51.49 MB used.

Virtual space:
  Non-class space:       64.00 MB reserved,      45.56 MB ( 71%) committed,  1 nodes.
      Class space:        1.00 GB reserved,       6.25 MB ( <1%) committed,  1 nodes.
             Both:        1.06 GB reserved,      51.81 MB (  5%) committed. 

Chunk freelists:
   Non-Class:  1.20 MB
       Class:  9.81 MB
        Both:  11.01 MB

MaxMetaspaceSize: unlimited
CompressedClassSpaceSize: 1.00 GB
Initial GC threshold: 21.00 MB
Current GC threshold: 84.62 MB
CDS: on
MetaspaceReclaimPolicy: balanced
 - commit_granule_bytes: 65536.
 - commit_granule_words: 8192.
 - virtual_space_node_default_size: 8388608.
 - enlarge_chunks_in_place: 1.
 - new_chunks_are_fully_committed: 0.
 - uncommit_free_chunks: 1.
 - use_allocation_guard: 0.
 - handle_deallocations: 1.


Internal statistics:

num_allocs_failed_limit: 6.
num_arena_births: 264.
num_arena_deaths: 0.
num_vsnodes_births: 2.
num_vsnodes_deaths: 0.
num_space_committed: 827.
num_space_uncommitted: 0.
num_chunks_returned_to_freelist: 6.
num_chunks_taken_from_freelist: 2119.
num_chunk_merges: 6.
num_chunk_splits: 1723.
num_chunks_enlarged: 1521.
num_inconsistent_stats: 0.

CodeHeap 'non-profiled nmethods': size=120000Kb used=4050Kb max_used=4588Kb free=115949Kb
 bounds [0x0000029f23fa0000, 0x0000029f24420000, 0x0000029f2b4d0000]
CodeHeap 'profiled nmethods': size=120000Kb used=21573Kb max_used=23710Kb free=98426Kb
 bounds [0x0000029f1c4d0000, 0x0000029f1dc00000, 0x0000029f23a00000]
CodeHeap 'non-nmethods': size=5760Kb used=1292Kb max_used=1366Kb free=4467Kb
 bounds [0x0000029f23a00000, 0x0000029f23c70000, 0x0000029f23fa0000]
 total_blobs=8200 nmethods=7595 adapters=515
 compilation: enabled
              stopped_count=0, restarted_count=0
 full_count=0

Compilation events (20 events):
Event: 8.268 Thread 0x0000029f327ac270 nmethod 8929 0x0000029f1dbe7810 code [0x0000029f1dbe7a20, 0x0000029f1dbe80b8]
Event: 8.268 Thread 0x0000029f327ac270 8927       3       org.jetbrains.kotlin.com.intellij.psi.impl.source.tree.AstBufferUtil::toBuffer (36 bytes)
Event: 8.268 Thread 0x0000029f327ac270 nmethod 8927 0x0000029f1dbe8290 code [0x0000029f1dbe8460, 0x0000029f1dbe8928]
Event: 8.268 Thread 0x0000029f327ac270 8928       3       org.jetbrains.kotlin.com.intellij.psi.impl.source.tree.AstBufferUtil$BufferVisitor::<init> (32 bytes)
Event: 8.268 Thread 0x0000029f327ac270 nmethod 8928 0x0000029f1dbe8b10 code [0x0000029f1dbe8cc0, 0x0000029f1dbe8ea8]
Event: 8.268 Thread 0x0000029f327ac270 8931   !   3       org.jetbrains.kotlin.com.intellij.psi.impl.source.tree.CompositeElement::textToCharArray (227 bytes)
Event: 8.270 Thread 0x0000029f327ac270 nmethod 8931 0x0000029f1dbe8f90 code [0x0000029f1dbe94c0, 0x0000029f1dbeb6c8]
Event: 8.270 Thread 0x0000029f327ac270 8930       3       org.jetbrains.kotlin.com.intellij.psi.util.PsiTreeUtil::prevLeaf (59 bytes)
Event: 8.270 Thread 0x0000029f327ac270 nmethod 8930 0x0000029f1dbec410 code [0x0000029f1dbec620, 0x0000029f1dbecce8]
Event: 8.272 Thread 0x0000029f327a93a0 8932       4       kotlin.collections.CollectionsKt___CollectionsKt::plus (87 bytes)
Event: 8.275 Thread 0x0000029f327ac270 8934       3       org.jetbrains.kotlin.load.java.typeEnhancement.EnhancedTypeAnnotations::hasAnnotation (6 bytes)
Event: 8.275 Thread 0x0000029f327ac270 nmethod 8934 0x0000029f1dbece10 code [0x0000029f1dbed0e0, 0x0000029f1dbede88]
Event: 8.279 Thread 0x0000029f327ac270 8935       3       org.jetbrains.kotlin.resolve.calls.model.DataFlowInfoForArgumentsImpl::initNextArgMap (79 bytes)
Event: 8.280 Thread 0x0000029f327ac270 nmethod 8935 0x0000029f1dbee310 code [0x0000029f1dbee540, 0x0000029f1dbeee28]
Event: 8.280 Thread 0x0000029f327ac270 8937       3       org.jetbrains.kotlin.resolve.calls.tower.AbstractInvokeTowerProcessor::<init> (52 bytes)
Event: 8.281 Thread 0x0000029f327ac270 nmethod 8937 0x0000029f1dbef110 code [0x0000029f1dbef400, 0x0000029f1dbf04b8]
Event: 8.281 Thread 0x0000029f327ac270 8936       1       org.jetbrains.kotlin.com.intellij.psi.impl.source.tree.LeafPsiElement::getFirstChild (2 bytes)
Event: 8.281 Thread 0x0000029f327ac270 nmethod 8936 0x0000029f24418a10 code [0x0000029f24418ba0, 0x0000029f24418c78]
Event: 8.284 Thread 0x0000029f327ac270 8938       3       org.jetbrains.kotlin.resolve.jvm.RuntimeAssertionInfo$Companion::create$assertNotNull (74 bytes)
Event: 8.286 Thread 0x0000029f327ac270 nmethod 8938 0x0000029f1dbf0a10 code [0x0000029f1dbf0f60, 0x0000029f1dbf34c8]

GC Heap History (20 events):
Event: 1.749 GC heap before
{Heap before GC invocations=4 (full 0):
 garbage-first heap   total 45056K, used 34928K [0x000000008b800000, 0x0000000100000000)
  region size 1024K, 27 young (27648K), 5 survivors (5120K)
 Metaspace       used 23109K, committed 23296K, reserved 1114112K
  class space    used 3273K, committed 3328K, reserved 1048576K
}
Event: 1.764 GC heap after
{Heap after GC invocations=5 (full 0):
 garbage-first heap   total 47104K, used 18447K [0x000000008b800000, 0x0000000100000000)
  region size 1024K, 9 young (9216K), 9 survivors (9216K)
 Metaspace       used 23109K, committed 23296K, reserved 1114112K
  class space    used 3273K, committed 3328K, reserved 1048576K
}
Event: 1.776 GC heap before
{Heap before GC invocations=5 (full 0):
 garbage-first heap   total 47104K, used 19471K [0x000000008b800000, 0x0000000100000000)
  region size 1024K, 10 young (10240K), 9 survivors (9216K)
 Metaspace       used 23342K, committed 23552K, reserved 1114112K
  class space    used 3303K, committed 3392K, reserved 1048576K
}
Event: 1.785 GC heap after
{Heap after GC invocations=6 (full 0):
 garbage-first heap   total 47104K, used 19542K [0x000000008b800000, 0x0000000100000000)
  region size 1024K, 1 young (1024K), 1 survivors (1024K)
 Metaspace       used 23342K, committed 23552K, reserved 1114112K
  class space    used 3303K, committed 3392K, reserved 1048576K
}
Event: 1.971 GC heap before
{Heap before GC invocations=6 (full 0):
 garbage-first heap   total 47104K, used 32854K [0x000000008b800000, 0x0000000100000000)
  region size 1024K, 15 young (15360K), 1 survivors (1024K)
 Metaspace       used 26887K, committed 27072K, reserved 1114112K
  class space    used 3711K, committed 3776K, reserved 1048576K
}
Event: 1.974 GC heap after
{Heap after GC invocations=7 (full 0):
 garbage-first heap   total 95232K, used 18265K [0x000000008b800000, 0x0000000100000000)
  region size 1024K, 2 young (2048K), 2 survivors (2048K)
 Metaspace       used 26887K, committed 27072K, reserved 1114112K
  class space    used 3711K, committed 3776K, reserved 1048576K
}
Event: 2.529 GC heap before
{Heap before GC invocations=7 (full 0):
 garbage-first heap   total 95232K, used 60249K [0x000000008b800000, 0x0000000100000000)
  region size 1024K, 44 young (45056K), 2 survivors (2048K)
 Metaspace       used 35737K, committed 35968K, reserved 1114112K
  class space    used 4600K, committed 4736K, reserved 1048576K
}
Event: 2.536 GC heap after
{Heap after GC invocations=8 (full 0):
 garbage-first heap   total 95232K, used 21750K [0x000000008b800000, 0x0000000100000000)
  region size 1024K, 6 young (6144K), 6 survivors (6144K)
 Metaspace       used 35737K, committed 35968K, reserved 1114112K
  class space    used 4600K, committed 4736K, reserved 1048576K
}
Event: 3.325 GC heap before
{Heap before GC invocations=9 (full 0):
 garbage-first heap   total 81920K, used 64758K [0x000000008b800000, 0x0000000100000000)
  region size 1024K, 47 young (48128K), 6 survivors (6144K)
 Metaspace       used 41648K, committed 41920K, reserved 1114112K
  class space    used 5275K, committed 5376K, reserved 1048576K
}
Event: 3.337 GC heap after
{Heap after GC invocations=10 (full 0):
 garbage-first heap   total 81920K, used 30312K [0x000000008b800000, 0x0000000100000000)
  region size 1024K, 6 young (6144K), 6 survivors (6144K)
 Metaspace       used 41648K, committed 41920K, reserved 1114112K
  class space    used 5275K, committed 5376K, reserved 1048576K
}
Event: 3.977 GC heap before
{Heap before GC invocations=10 (full 0):
 garbage-first heap   total 81920K, used 61032K [0x000000008b800000, 0x0000000100000000)
  region size 1024K, 35 young (35840K), 6 survivors (6144K)
 Metaspace       used 44416K, committed 44672K, reserved 1114112K
  class space    used 5504K, committed 5632K, reserved 1048576K
}
Event: 3.991 GC heap after
{Heap after GC invocations=11 (full 0):
 garbage-first heap   total 81920K, used 35726K [0x000000008b800000, 0x0000000100000000)
  region size 1024K, 5 young (5120K), 5 survivors (5120K)
 Metaspace       used 44416K, committed 44672K, reserved 1114112K
  class space    used 5504K, committed 5632K, reserved 1048576K
}
Event: 4.257 GC heap before
{Heap before GC invocations=11 (full 0):
 garbage-first heap   total 81920K, used 61326K [0x000000008b800000, 0x0000000100000000)
  region size 1024K, 30 young (30720K), 5 survivors (5120K)
 Metaspace       used 44761K, committed 44992K, reserved 1114112K
  class space    used 5507K, committed 5632K, reserved 1048576K
}
Event: 4.268 GC heap after
{Heap after GC invocations=12 (full 0):
 garbage-first heap   total 98304K, used 37404K [0x000000008b800000, 0x0000000100000000)
  region size 1024K, 3 young (3072K), 3 survivors (3072K)
 Metaspace       used 44761K, committed 44992K, reserved 1114112K
  class space    used 5507K, committed 5632K, reserved 1048576K
}
Event: 4.902 GC heap before
{Heap before GC invocations=12 (full 0):
 garbage-first heap   total 98304K, used 74268K [0x000000008b800000, 0x0000000100000000)
  region size 1024K, 39 young (39936K), 3 survivors (3072K)
 Metaspace       used 46168K, committed 46400K, reserved 1114112K
  class space    used 5658K, committed 5760K, reserved 1048576K
}
Event: 4.916 GC heap after
{Heap after GC invocations=13 (full 0):
 garbage-first heap   total 98304K, used 42892K [0x000000008b800000, 0x0000000100000000)
  region size 1024K, 5 young (5120K), 5 survivors (5120K)
 Metaspace       used 46168K, committed 46400K, reserved 1114112K
  class space    used 5658K, committed 5760K, reserved 1048576K
}
Event: 6.237 GC heap before
{Heap before GC invocations=13 (full 0):
 garbage-first heap   total 98304K, used 75660K [0x000000008b800000, 0x0000000100000000)
  region size 1024K, 36 young (36864K), 5 survivors (5120K)
 Metaspace       used 49901K, committed 50176K, reserved 1114112K
  class space    used 6078K, committed 6208K, reserved 1048576K
}
Event: 6.251 GC heap after
{Heap after GC invocations=14 (full 0):
 garbage-first heap   total 98304K, used 48084K [0x000000008b800000, 0x0000000100000000)
  region size 1024K, 4 young (4096K), 4 survivors (4096K)
 Metaspace       used 49901K, committed 50176K, reserved 1114112K
  class space    used 6078K, committed 6208K, reserved 1048576K
}
Event: 7.141 GC heap before
{Heap before GC invocations=14 (full 0):
 garbage-first heap   total 98304K, used 75732K [0x000000008b800000, 0x0000000100000000)
  region size 1024K, 31 young (31744K), 4 survivors (4096K)
 Metaspace       used 51655K, committed 51968K, reserved 1114112K
  class space    used 6215K, committed 6336K, reserved 1048576K
}
Event: 7.154 GC heap after
{Heap after GC invocations=15 (full 0):
 garbage-first heap   total 98304K, used 51164K [0x000000008b800000, 0x0000000100000000)
  region size 1024K, 4 young (4096K), 4 survivors (4096K)
 Metaspace       used 51655K, committed 51968K, reserved 1114112K
  class space    used 6215K, committed 6336K, reserved 1048576K
}

Dll operation events (3 events):
Event: 0.017 Loaded shared library C:\Users\homee\.jdks\jbr-17.0.14\bin\java.dll
Event: 0.039 Loaded shared library C:\Users\homee\.jdks\jbr-17.0.14\bin\jsvml.dll
Event: 1.326 Loaded shared library C:\Users\homee\.jdks\jbr-17.0.14\bin\verify.dll

Deoptimization events (20 events):
Event: 7.974 Thread 0x0000029f18ce5760 DEOPT PACKING pc=0x0000029f242c4b68 sp=0x000000b0901f66a0
Event: 7.974 Thread 0x0000029f18ce5760 DEOPT UNPACKING pc=0x0000029f23a569a3 sp=0x000000b0901f6628 mode 2
Event: 7.975 Thread 0x0000029f18ce5760 Uncommon trap: trap_request=0xffffffc6 fr.pc=0x0000029f24306dbc relative=0x00000000000004bc
Event: 7.975 Thread 0x0000029f18ce5760 Uncommon trap: reason=bimorphic_or_optimized_type_check action=maybe_recompile pc=0x0000029f24306dbc method=org.jetbrains.kotlin.resolve.calls.components.candidate.ResolutionCandidate.getResolutionSequence()Ljava/util/List; @ 7 c2
Event: 7.975 Thread 0x0000029f18ce5760 DEOPT PACKING pc=0x0000029f24306dbc sp=0x000000b0901f6670
Event: 7.975 Thread 0x0000029f18ce5760 DEOPT UNPACKING pc=0x0000029f23a569a3 sp=0x000000b0901f6578 mode 2
Event: 7.977 Thread 0x0000029f18ce5760 DEOPT PACKING pc=0x0000029f1d8b11d4 sp=0x000000b0901f6ba0
Event: 7.977 Thread 0x0000029f18ce5760 DEOPT UNPACKING pc=0x0000029f23a57143 sp=0x000000b0901f6190 mode 0
Event: 8.243 Thread 0x0000029f18ce5760 Uncommon trap: trap_request=0xffffff66 fr.pc=0x0000029f243fb79c relative=0x00000000000015dc
Event: 8.243 Thread 0x0000029f18ce5760 Uncommon trap: reason=speculate_class_check action=maybe_recompile pc=0x0000029f243fb79c method=org.jetbrains.kotlin.types.model.TypeSystemCommonSuperTypesContext.typeDepth(Lorg/jetbrains/kotlin/types/model/KotlinTypeMarker;)I @ 9 c2
Event: 8.243 Thread 0x0000029f18ce5760 DEOPT PACKING pc=0x0000029f243fb79c sp=0x000000b0901fa880
Event: 8.243 Thread 0x0000029f18ce5760 DEOPT UNPACKING pc=0x0000029f23a569a3 sp=0x000000b0901fa740 mode 2
Event: 8.244 Thread 0x0000029f18ce5760 Uncommon trap: trap_request=0xffffff66 fr.pc=0x0000029f243fb79c relative=0x00000000000015dc
Event: 8.244 Thread 0x0000029f18ce5760 Uncommon trap: reason=speculate_class_check action=maybe_recompile pc=0x0000029f243fb79c method=org.jetbrains.kotlin.types.model.TypeSystemCommonSuperTypesContext.typeDepth(Lorg/jetbrains/kotlin/types/model/KotlinTypeMarker;)I @ 9 c2
Event: 8.244 Thread 0x0000029f18ce5760 DEOPT PACKING pc=0x0000029f243fb79c sp=0x000000b0901fa7c0
Event: 8.244 Thread 0x0000029f18ce5760 DEOPT UNPACKING pc=0x0000029f23a569a3 sp=0x000000b0901fa680 mode 2
Event: 8.244 Thread 0x0000029f18ce5760 Uncommon trap: trap_request=0xffffff66 fr.pc=0x0000029f243fb79c relative=0x00000000000015dc
Event: 8.244 Thread 0x0000029f18ce5760 Uncommon trap: reason=speculate_class_check action=maybe_recompile pc=0x0000029f243fb79c method=org.jetbrains.kotlin.types.model.TypeSystemCommonSuperTypesContext.typeDepth(Lorg/jetbrains/kotlin/types/model/KotlinTypeMarker;)I @ 9 c2
Event: 8.244 Thread 0x0000029f18ce5760 DEOPT PACKING pc=0x0000029f243fb79c sp=0x000000b0901fa930
Event: 8.244 Thread 0x0000029f18ce5760 DEOPT UNPACKING pc=0x0000029f23a569a3 sp=0x000000b0901fa7f0 mode 2

Classes loaded (20 events):
Event: 2.837 Loading class java/io/InvalidObjectException
Event: 2.837 Loading class java/io/InvalidObjectException done
Event: 2.889 Loading class java/util/AbstractList$SubList$1
Event: 2.889 Loading class java/util/AbstractList$SubList$1 done
Event: 2.909 Loading class java/text/StringCharacterIterator
Event: 2.909 Loading class java/text/CharacterIterator
Event: 2.909 Loading class java/text/CharacterIterator done
Event: 2.909 Loading class java/text/StringCharacterIterator done
Event: 3.539 Loading class java/util/RegularEnumSet$EnumSetIterator
Event: 3.540 Loading class java/util/RegularEnumSet$EnumSetIterator done
Event: 7.110 Loading class java/util/regex/Pattern$Bound
Event: 7.110 Loading class java/util/regex/Pattern$Bound done
Event: 7.110 Loading class java/util/regex/Pattern$LookBehindEndNode
Event: 7.110 Loading class java/util/regex/Pattern$LookBehindEndNode done
Event: 7.110 Loading class java/util/regex/Pattern$NotBehind
Event: 7.110 Loading class java/util/regex/Pattern$NotBehind done
Event: 7.601 Loading class java/util/concurrent/locks/AbstractQueuedSynchronizer$Node
Event: 7.601 Loading class java/util/concurrent/locks/AbstractQueuedSynchronizer$Node done
Event: 8.127 Loading class jdk/internal/math/FloatingDecimal$ASCIIToBinaryBuffer
Event: 8.128 Loading class jdk/internal/math/FloatingDecimal$ASCIIToBinaryBuffer done

Classes unloaded (0 events):
No events

Classes redefined (0 events):
No events

Internal exceptions (20 events):
Event: 3.623 Thread 0x0000029f18ce5760 Exception <a 'java/lang/NoSuchMethodError'{0x000000008f96a308}: 'java.lang.Object java.lang.invoke.DirectMethodHandle$Holder.invokeStaticInit(java.lang.Object, java.lang.Object, java.lang.Object)'> (0x000000008f96a308) 
thrown [s\src\hotspot\share\interpreter\linkResolver.cpp, line 771]
Event: 4.522 Thread 0x0000029f18ce5760 Exception <a 'java/lang/NoSuchMethodError'{0x0000000090d6e8e0}: 'java.lang.Object java.lang.invoke.DirectMethodHandle$Holder.newInvokeSpecial(java.lang.Object, int, java.lang.Object)'> (0x0000000090d6e8e0) 
thrown [s\src\hotspot\share\interpreter\linkResolver.cpp, line 771]
Event: 4.523 Thread 0x0000029f18ce5760 Exception <a 'java/lang/NoSuchMethodError'{0x0000000090d74ca0}: 'int java.lang.invoke.DirectMethodHandle$Holder.invokeInterface(java.lang.Object, java.lang.Object)'> (0x0000000090d74ca0) 
thrown [s\src\hotspot\share\interpreter\linkResolver.cpp, line 771]
Event: 4.541 Thread 0x0000029f18ce5760 Implicit null exception at 0x0000029f23fee80e to 0x0000029f23feea58
Event: 4.541 Thread 0x0000029f18ce5760 Implicit null exception at 0x0000029f2400010f to 0x0000029f24000189
Event: 4.725 Thread 0x0000029f18ce5760 Exception <a 'java/lang/NoSuchMethodError'{0x00000000905cdd80}: 'java.lang.Object java.lang.invoke.DirectMethodHandle$Holder.invokeStatic(java.lang.Object, int, java.lang.Object)'> (0x00000000905cdd80) 
thrown [s\src\hotspot\share\interpreter\linkResolver.cpp, line 771]
Event: 4.961 Thread 0x0000029f18ce5760 Implicit null exception at 0x0000029f2422f6b1 to 0x0000029f2422fa60
Event: 4.997 Thread 0x0000029f18ce5760 Implicit null exception at 0x0000029f24235a6a to 0x0000029f24235c88
Event: 5.142 Thread 0x0000029f18ce5760 Implicit null exception at 0x0000029f240a5e11 to 0x0000029f240a5f00
Event: 5.143 Thread 0x0000029f18ce5760 Implicit null exception at 0x0000029f24006ed8 to 0x0000029f24006f6e
Event: 5.172 Thread 0x0000029f18ce5760 Exception <a 'java/lang/NoSuchMethodError'{0x0000000090cbbb08}: 'int java.lang.invoke.DirectMethodHandle$Holder.invokeStaticInit(java.lang.Object, int)'> (0x0000000090cbbb08) 
thrown [s\src\hotspot\share\interpreter\linkResolver.cpp, line 771]
Event: 5.216 Thread 0x0000029f18ce5760 Implicit null exception at 0x0000029f240c9fcc to 0x0000029f240ca0a8
Event: 5.514 Thread 0x0000029f18ce5760 Exception <a 'java/lang/NoSuchMethodError'{0x00000000904a27c8}: 'java.lang.Object java.lang.invoke.DirectMethodHandle$Holder.newInvokeSpecial(java.lang.Object, java.lang.Object, java.lang.Object, java.lang.Object, java.lang.Object, java.lang.Object, java.lang.Object)'> (0x00000000904a27c8) 
thrown [s\src\hotspot\share\interpreter\linkResolver.cpp, line 771]
Event: 5.515 Thread 0x0000029f18ce5760 Exception <a 'java/lang/NoSuchMethodError'{0x00000000904a7380}: 'java.lang.Object java.lang.invoke.Invokers$Holder.linkToTargetMethod(java.lang.Object, java.lang.Object, java.lang.Object, java.lang.Object, java.lang.Object, java.lang.Object, java.lang.Object)'> (0x00000000904a7380) 
thrown [s\src\hotspot\share\interpreter\linkResolver.cpp, line 771]
Event: 5.986 Thread 0x0000029f18ce5760 Exception <a 'java/lang/NoSuchMethodError'{0x000000008fcb6778}: 'java.lang.Object java.lang.invoke.DirectMethodHandle$Holder.invokeInterface(java.lang.Object, java.lang.Object, java.lang.Object)'> (0x000000008fcb6778) 
thrown [s\src\hotspot\share\interpreter\linkResolver.cpp, line 771]
Event: 5.986 Thread 0x0000029f18ce5760 Exception <a 'java/lang/IncompatibleClassChangeError'{0x000000008fcba638}: Found class java.lang.Object, but interface was expected> (0x000000008fcba638) 
thrown [s\src\hotspot\share\interpreter\linkResolver.cpp, line 838]
Event: 6.047 Thread 0x0000029f18ce5760 Implicit null exception at 0x0000029f2423d53c to 0x0000029f2423e4dc
Event: 6.375 Thread 0x0000029f18ce5760 Exception <a 'java/lang/NoSuchMethodError'{0x000000009108a710}: 'java.lang.Object java.lang.invoke.DirectMethodHandle$Holder.newInvokeSpecial(java.lang.Object, int, java.lang.Object, java.lang.Object)'> (0x000000009108a710) 
thrown [s\src\hotspot\share\interpreter\linkResolver.cpp, line 771]
Event: 6.375 Thread 0x0000029f18ce5760 Exception <a 'java/lang/NoSuchMethodError'{0x000000009108f3b0}: 'java.lang.Object java.lang.invoke.DirectMethodHandle$Holder.invokeSpecial(java.lang.Object, java.lang.Object, int, java.lang.Object, java.lang.Object)'> (0x000000009108f3b0) 
thrown [s\src\hotspot\share\interpreter\linkResolver.cpp, line 771]
Event: 7.710 Thread 0x0000029f18ce5760 Implicit null exception at 0x0000029f243b4e2c to 0x0000029f243b4ef4

VM Operations (20 events):
Event: 7.140 Executing VM operation: G1CollectForAllocation
Event: 7.154 Executing VM operation: G1CollectForAllocation done
Event: 7.195 Executing VM operation: G1PauseRemark
Event: 7.207 Executing VM operation: G1PauseRemark done
Event: 7.223 Executing VM operation: G1PauseCleanup
Event: 7.223 Executing VM operation: G1PauseCleanup done
Event: 7.609 Executing VM operation: ICBufferFull
Event: 7.609 Executing VM operation: ICBufferFull done
Event: 7.804 Executing VM operation: ICBufferFull
Event: 7.805 Executing VM operation: ICBufferFull done
Event: 7.976 Executing VM operation: HandshakeAllThreads
Event: 7.977 Executing VM operation: HandshakeAllThreads done
Event: 7.977 Executing VM operation: ICBufferFull
Event: 7.977 Executing VM operation: ICBufferFull done
Event: 8.157 Executing VM operation: HandshakeAllThreads
Event: 8.157 Executing VM operation: HandshakeAllThreads done
Event: 8.171 Executing VM operation: ICBufferFull
Event: 8.171 Executing VM operation: ICBufferFull done
Event: 8.220 Executing VM operation: ICBufferFull
Event: 8.220 Executing VM operation: ICBufferFull done

Memory protections (0 events):
No events

Nmethod flushes (20 events):
Event: 4.743 Thread 0x0000029f327bd430 flushing  nmethod 0x0000029f1d11bd90
Event: 4.743 Thread 0x0000029f327bd430 flushing  nmethod 0x0000029f1d12c210
Event: 4.743 Thread 0x0000029f327bd430 flushing  nmethod 0x0000029f1d191b90
Event: 4.744 Thread 0x0000029f327bd430 flushing  nmethod 0x0000029f1d21b310
Event: 6.031 Thread 0x0000029f327bd430 flushing  nmethod 0x0000029f241bd610
Event: 6.031 Thread 0x0000029f327bd430 flushing  nmethod 0x0000029f24204710
Event: 6.038 Thread 0x0000029f327bd430 flushing  nmethod 0x0000029f1caad390
Event: 6.040 Thread 0x0000029f327bd430 flushing  nmethod 0x0000029f1cc2cb90
Event: 6.041 Thread 0x0000029f327bd430 flushing  nmethod 0x0000029f1cd88c90
Event: 6.043 Thread 0x0000029f327bd430 flushing  nmethod 0x0000029f1d080310
Event: 6.044 Thread 0x0000029f327bd430 flushing  nmethod 0x0000029f1d207590
Event: 8.160 Thread 0x0000029f327bd430 flushing  nmethod 0x0000029f24217010
Event: 8.165 Thread 0x0000029f327bd430 flushing  nmethod 0x0000029f1c882790
Event: 8.165 Thread 0x0000029f327bd430 flushing  nmethod 0x0000029f1c8a7190
Event: 8.165 Thread 0x0000029f327bd430 flushing  nmethod 0x0000029f1c8b5410
Event: 8.165 Thread 0x0000029f327bd430 flushing  nmethod 0x0000029f1c8b5790
Event: 8.166 Thread 0x0000029f327bd430 flushing  nmethod 0x0000029f1c9cdc90
Event: 8.167 Thread 0x0000029f327bd430 flushing  nmethod 0x0000029f1cab0390
Event: 8.169 Thread 0x0000029f327bd430 flushing  nmethod 0x0000029f1cc28910
Event: 8.174 Thread 0x0000029f327bd430 flushing  nmethod 0x0000029f1d09a610

Events (20 events):
Event: 0.039 Thread 0x0000029f18ce5760 Thread added: 0x0000029f18ce5760
Event: 0.043 Thread 0x0000029f18ce5760 Thread added: 0x0000029f3275a6d0
Event: 0.043 Thread 0x0000029f18ce5760 Thread added: 0x0000029f3275dc10
Event: 0.055 Thread 0x0000029f18ce5760 Thread added: 0x0000029f32773210
Event: 0.056 Thread 0x0000029f18ce5760 Thread added: 0x0000029f32773bd0
Event: 0.056 Thread 0x0000029f18ce5760 Thread added: 0x0000029f32774590
Event: 0.056 Thread 0x0000029f18ce5760 Thread added: 0x0000029f32785ef0
Event: 0.056 Thread 0x0000029f18ce5760 Thread added: 0x0000029f327a93a0
Event: 0.056 Thread 0x0000029f18ce5760 Thread added: 0x0000029f327ac270
Event: 0.056 Thread 0x0000029f18ce5760 Thread added: 0x0000029f327bd430
Event: 0.084 Thread 0x0000029f18ce5760 Thread added: 0x0000029f32b1bf20
Event: 0.090 Thread 0x0000029f18ce5760 Thread added: 0x0000029f32b1c940
Event: 0.098 Loaded shared library C:\Users\homee\.jdks\jbr-17.0.14\bin\net.dll
Event: 0.101 Loaded shared library C:\Users\homee\.jdks\jbr-17.0.14\bin\nio.dll
Event: 0.125 Thread 0x0000029f327a93a0 Thread added: 0x0000029f32bec040
Event: 0.128 Loaded shared library C:\Users\homee\.jdks\jbr-17.0.14\bin\zip.dll
Event: 0.159 Loaded shared library C:\Users\homee\.jdks\jbr-17.0.14\bin\jimage.dll
Event: 1.578 Thread 0x0000029f327ac270 Thread added: 0x0000029f79c5dbd0
Event: 1.819 Thread 0x0000029f79c5dbd0 Thread exited: 0x0000029f79c5dbd0
Event: 2.547 Thread 0x0000029f327ac270 Thread added: 0x0000029f7a2ca1f0


Dynamic libraries:
0x00007ff7778b0000 - 0x00007ff7778ba000 	C:\Users\homee\.jdks\jbr-17.0.14\bin\java.exe
0x00007ffd842e0000 - 0x00007ffd84547000 	C:\WINDOWS\SYSTEM32\ntdll.dll
0x00007ffd829f0000 - 0x00007ffd82ab9000 	C:\WINDOWS\System32\KERNEL32.DLL
0x00007ffd80bc0000 - 0x00007ffd80fb1000 	C:\WINDOWS\System32\KERNELBASE.dll
0x00007ffd811c0000 - 0x00007ffd8130b000 	C:\WINDOWS\System32\ucrtbase.dll
0x00007ffd58620000 - 0x00007ffd5863b000 	C:\Users\homee\.jdks\jbr-17.0.14\bin\VCRUNTIME140.dll
0x00007ffd5ef50000 - 0x00007ffd5ef67000 	C:\Users\homee\.jdks\jbr-17.0.14\bin\jli.dll
0x00007ffd840d0000 - 0x00007ffd84295000 	C:\WINDOWS\System32\USER32.dll
0x00007ffd6d370000 - 0x00007ffd6d603000 	C:\WINDOWS\WinSxS\amd64_microsoft.windows.common-controls_6595b64144ccf1df_6.0.26100.8037_none_3e092faae333b53b\COMCTL32.dll
0x00007ffd81440000 - 0x00007ffd81467000 	C:\WINDOWS\System32\win32u.dll
0x00007ffd825c0000 - 0x00007ffd82669000 	C:\WINDOWS\System32\msvcrt.dll
0x00007ffd838c0000 - 0x00007ffd838eb000 	C:\WINDOWS\System32\GDI32.dll
0x00007ffd81310000 - 0x00007ffd8143b000 	C:\WINDOWS\System32\gdi32full.dll
0x00007ffd81470000 - 0x00007ffd81513000 	C:\WINDOWS\System32\msvcp_win.dll
0x00007ffd82dd0000 - 0x00007ffd82e01000 	C:\WINDOWS\System32\IMM32.DLL
0x00007ffd7c8c0000 - 0x00007ffd7c8cc000 	C:\Users\homee\.jdks\jbr-17.0.14\bin\vcruntime140_1.dll
0x00007ffd1ec60000 - 0x00007ffd1eced000 	C:\Users\homee\.jdks\jbr-17.0.14\bin\msvcp140.dll
0x00007ffcbf5c0000 - 0x00007ffcc024e000 	C:\Users\homee\.jdks\jbr-17.0.14\bin\server\jvm.dll
0x00007ffd82e10000 - 0x00007ffd82ecb000 	C:\WINDOWS\System32\ADVAPI32.dll
0x00007ffd83280000 - 0x00007ffd83327000 	C:\WINDOWS\System32\sechost.dll
0x00007ffd82ed0000 - 0x00007ffd82fe8000 	C:\WINDOWS\System32\RPCRT4.dll
0x00007ffd82ac0000 - 0x00007ffd82b34000 	C:\WINDOWS\System32\WS2_32.dll
0x00007ffd80a20000 - 0x00007ffd80a7e000 	C:\WINDOWS\SYSTEM32\POWRPROF.dll
0x00007ffd761b0000 - 0x00007ffd761e5000 	C:\WINDOWS\SYSTEM32\WINMM.dll
0x00007ffd75980000 - 0x00007ffd7598b000 	C:\WINDOWS\SYSTEM32\VERSION.dll
0x00007ffd80a00000 - 0x00007ffd80a14000 	C:\WINDOWS\SYSTEM32\UMPDC.dll
0x00007ffd7f950000 - 0x00007ffd7f96b000 	C:\WINDOWS\SYSTEM32\kernel.appcore.dll
0x00007ffd6f310000 - 0x00007ffd6f31a000 	C:\Users\homee\.jdks\jbr-17.0.14\bin\jimage.dll
0x00007ffd73e80000 - 0x00007ffd740c2000 	C:\WINDOWS\SYSTEM32\DBGHELP.DLL
0x00007ffd82220000 - 0x00007ffd825a2000 	C:\WINDOWS\System32\combase.dll
0x00007ffd82860000 - 0x00007ffd82937000 	C:\WINDOWS\System32\OLEAUT32.dll
0x00007ffd69bc0000 - 0x00007ffd69bfb000 	C:\WINDOWS\SYSTEM32\dbgcore.DLL
0x00007ffd81080000 - 0x00007ffd81125000 	C:\WINDOWS\System32\bcryptPrimitives.dll
0x00007ffd4c740000 - 0x00007ffd4c765000 	C:\Users\homee\.jdks\jbr-17.0.14\bin\java.dll
0x00007ffd17080000 - 0x00007ffd17157000 	C:\Users\homee\.jdks\jbr-17.0.14\bin\jsvml.dll
0x00007ffd838f0000 - 0x00007ffd8404f000 	C:\WINDOWS\System32\SHELL32.dll
0x00007ffd81520000 - 0x00007ffd8168a000 	C:\WINDOWS\System32\wintypes.dll
0x00007ffd81810000 - 0x00007ffd82074000 	C:\WINDOWS\System32\windows.storage.dll
0x00007ffd837c0000 - 0x00007ffd838b7000 	C:\WINDOWS\System32\SHCORE.dll
0x00007ffd82d60000 - 0x00007ffd82dc7000 	C:\WINDOWS\System32\shlwapi.dll
0x00007ffd80ae0000 - 0x00007ffd80b09000 	C:\WINDOWS\SYSTEM32\profapi.dll
0x00007ffd50820000 - 0x00007ffd50839000 	C:\Users\homee\.jdks\jbr-17.0.14\bin\net.dll
0x00007ffd75610000 - 0x00007ffd75737000 	C:\WINDOWS\SYSTEM32\WINHTTP.dll
0x00007ffd7fec0000 - 0x00007ffd7ff2b000 	C:\WINDOWS\system32\mswsock.dll
0x00007ffd50470000 - 0x00007ffd50486000 	C:\Users\homee\.jdks\jbr-17.0.14\bin\nio.dll
0x00007ffd53bc0000 - 0x00007ffd53bd8000 	C:\Users\homee\.jdks\jbr-17.0.14\bin\zip.dll
0x00007ffd65550000 - 0x00007ffd65560000 	C:\Users\homee\.jdks\jbr-17.0.14\bin\verify.dll

dbghelp: loaded successfully - version: 4.0.5 - missing functions: none
symbol engine: initialized successfully - sym options: 0x614 - pdb path: .;C:\Users\homee\.jdks\jbr-17.0.14\bin;C:\WINDOWS\SYSTEM32;C:\WINDOWS\WinSxS\amd64_microsoft.windows.common-controls_6595b64144ccf1df_6.0.26100.8037_none_3e092faae333b53b;C:\Users\homee\.jdks\jbr-17.0.14\bin\server

VM Arguments:
java_command: org.jetbrains.kotlin.cli.jvm.K2JVMCompiler @D:\TrueVoice\TrueVoice\app\build\20260327_16919576454681409587.compiler.options
java_class_path (initial): C:\Users\homee\.gradle\caches\modules-2\files-2.1\org.jetbrains.kotlin\kotlin-compiler-embeddable\1.9.10\57ca1b0823ae3ecb451a97e1f8e6de0b19ea5294\kotlin-compiler-embeddable-1.9.10.jar;C:\Users\homee\.gradle\caches\modules-2\files-2.1\org.jetbrains.kotlin\kotlin-stdlib\1.9.10\72812e8a368917ab5c0a5081b56915ffdfec93b7\kotlin-stdlib-1.9.10.jar;C:\Users\homee\.gradle\caches\modules-2\files-2.1\org.jetbrains.kotlin\kotlin-script-runtime\1.9.10\398513a8534701579cccaf5953ea914416b4696c\kotlin-script-runtime-1.9.10.jar;C:\Users\homee\.gradle\caches\modules-2\files-2.1\org.jetbrains.kotlin\kotlin-reflect\1.6.10\1cbe9c92c12a94eea200d23c2bbaedaf3daf5132\kotlin-reflect-1.6.10.jar;C:\Users\homee\.gradle\caches\modules-2\files-2.1\org.jetbrains.kotlin\kotlin-daemon-embeddable\1.9.10\bda2f7daa6b89d2ded2d9e1e0b0cadaf9446ade1\kotlin-daemon-embeddable-1.9.10.jar;C:\Users\homee\.gradle\caches\modules-2\files-2.1\org.jetbrains.intellij.deps\trove4j\1.0.20200330\3afb14d5f9ceb459d724e907a21145e8ff394f02\trove4j-1.0.20200330.jar;C:\Users\homee\.gradle\caches\modules-2\files-2.1\org.jetbrains.kotlin\kotlin-stdlib-common\1.9.10\dafaf2c27f27c09220cee312df10917d9a5d97ce\kotlin-stdlib-common-1.9.10.jar;C:\Users\homee\.gradle\caches\modules-2\files-2.1\org.jetbrains\annotations\13.0\919f0dfe192fb4e063e7dacadee7f8bb9a2672a9\annotations-13.0.jar
Launcher Type: SUN_STANDARD

[Global flags]
     intx CICompilerCount                          = 4                                         {product} {ergonomic}
     uint ConcGCThreads                            = 2                                         {product} {ergonomic}
     uint G1ConcRefinementThreads                  = 8                                         {product} {ergonomic}
   size_t G1HeapRegionSize                         = 1048576                                   {product} {ergonomic}
    uintx GCDrainStackTargetSize                   = 64                                        {product} {ergonomic}
   size_t InitialHeapSize                          = 123731968                                 {product} {ergonomic}
   size_t MarkStackSize                            = 4194304                                   {product} {ergonomic}
   size_t MaxHeapSize                              = 1954545664                                {product} {ergonomic}
   size_t MaxNewSize                               = 1172307968                                {product} {ergonomic}
   size_t MinHeapDeltaBytes                        = 1048576                                   {product} {ergonomic}
   size_t MinHeapSize                              = 8388608                                   {product} {ergonomic}
    uintx NonNMethodCodeHeapSize                   = 5839372                                {pd product} {ergonomic}
    uintx NonProfiledCodeHeapSize                  = 122909434                              {pd product} {ergonomic}
    uintx ProfiledCodeHeapSize                     = 122909434                              {pd product} {ergonomic}
    uintx ReservedCodeCacheSize                    = 251658240                              {pd product} {ergonomic}
     bool SegmentedCodeCache                       = true                                      {product} {ergonomic}
   size_t SoftMaxHeapSize                          = 1954545664                             {manageable} {ergonomic}
     bool UseCompressedClassPointers               = true                           {product lp64_product} {ergonomic}
     bool UseCompressedOops                        = true                           {product lp64_product} {ergonomic}
     bool UseG1GC                                  = true                                      {product} {ergonomic}
     bool UseLargePagesIndividualAllocation        = false                                  {pd product} {ergonomic}

Logging:
Log output configuration:
 #0: stdout all=warning uptime,level,tags
 #1: stderr all=off uptime,level,tags

Environment Variables:
PATH=C:\Program Files (x86)\Common Files\Oracle\Java\java8path;C:\Program Files (x86)\Common Files\Oracle\Java\javapath;C:\WINDOWS\system32;C:\WINDOWS;C:\WINDOWS\System32\Wbem;C:\WINDOWS\System32\WindowsPowerShell\v1.0\;C:\WINDOWS\System32\OpenSSH\;C:\Program Files\dotnet\;C:\Users\homee\AppData\Local\Programs\Python\Python39\Scripts\;C:\Users\homee\AppData\Local\Programs\Python\Python39\;C:\Users\homee\AppData\Local\Programs\Python\Python311\Scripts\;C:\Users\homee\AppData\Local\Programs\Python\Python311\;C:\Users\homee\AppData\Local\Programs\Python\Python315\Scripts\;C:\Users\homee\AppData\Local\Programs\Python\Python315\;C:\Users\homee\AppData\Local\Programs\Python\Launcher\;C:\Users\homee\AppData\Local\Microsoft\WindowsApps;C:\Users\homee\AppData\Local\Programs\Microsoft VS Code\bin
USERNAME=homee
OS=Windows_NT
PROCESSOR_IDENTIFIER=AMD64 Family 23 Model 160 Stepping 0, AuthenticAMD
TMP=C:\Users\homee\AppData\Local\Temp
TEMP=C:\Users\homee\AppData\Local\Temp



Periodic native trim disabled

JNI global refs:
JNI global refs: 13, weak refs: 4

JNI global refs memory usage: 843, weak refs: 841

Process memory usage:
Resident Set Size: 298400K (3% of 7634556K total physical memory with 1024436K free physical memory)

OOME stack traces (most recent first):
Classloader memory used:
Loader jdk.internal.loader.ClassLoaders$AppClassLoader                                 : 6132K
Loader bootstrap                                                                       : 394K
Loader java.net.URLClassLoader                                                         : 50869B
Loader jdk.internal.reflect.DelegatingClassLoader                                      : 15908B


---------------  S Y S T E M  ---------------

OS:
 Windows 11 , 64 bit Build 26100 (10.0.26100.7920)
OS uptime: 1 days 0:38 hours

CPU: total 8 (initial active 8) (8 cores per cpu, 2 threads per core) family 23 model 160 stepping 0 microcode 0x8a00006, cx8, cmov, fxsr, ht, mmx, 3dnowpref, sse, sse2, sse3, ssse3, sse4a, sse4.1, sse4.2, popcnt, lzcnt, tsc, tscinvbit, avx, avx2, aes, clmul, bmi1, bmi2, adx, sha, fma, vzeroupper, clflush, clflushopt
Processor Information for processor 0
  Max Mhz: 2801, Current Mhz: 2801, Mhz Limit: 2801
Processor Information for processor 1
  Max Mhz: 2801, Current Mhz: 2801, Mhz Limit: 2801
Processor Information for processor 2
  Max Mhz: 2801, Current Mhz: 2246, Mhz Limit: 2801
Processor Information for processor 3
  Max Mhz: 2801, Current Mhz: 2801, Mhz Limit: 2801
Processor Information for processor 4
  Max Mhz: 2801, Current Mhz: 2801, Mhz Limit: 2801
Processor Information for processor 5
  Max Mhz: 2801, Current Mhz: 2801, Mhz Limit: 2801
Processor Information for processor 6
  Max Mhz: 2801, Current Mhz: 2801, Mhz Limit: 2801
Processor Information for processor 7
  Max Mhz: 2801, Current Mhz: 2801, Mhz Limit: 2801

Memory: 4k page, system-wide physical 7455M (1000M free)
TotalPageFile size 16709M (AvailPageFile size 4M)
current process WorkingSet (physical memory assigned to process): 291M, peak: 291M
current process commit charge ("private bytes"): 329M, peak: 332M

vm_info: OpenJDK 64-Bit Server VM (17.0.14+1-b1367.22) for windows-amd64 JRE (17.0.14+1-b1367.22), built on 2025-01-30 by "builduser" with MS VC++ 16.10 / 16.11 (VS2019)

END.
