#
# There is insufficient memory for the Java Runtime Environment to continue.
# Native memory allocation (malloc) failed to allocate 1463280 bytes. Error detail: Chunk::new
# Possible reasons:
#   The system is out of physical RAM or swap space
#   This process is running with CompressedOops enabled, and the Java Heap may be blocking the growth of the native heap
# Possible solutions:
#   Reduce memory load on the system
#   Increase physical memory or swap space
#   Check if swap backing store is full
#   Decrease Java heap size (-Xmx/-Xms)
#   Decrease number of Java threads
#   Decrease Java thread stack sizes (-Xss)
#   Set larger code cache with -XX:ReservedCodeCacheSize=
#   JVM is running with Unscaled Compressed Oops mode in which the Java heap is
#     placed in the first 4GB address space. The Java Heap base address is the
#     maximum limit for the native heap growth. Please use -XX:HeapBaseMinAddress
#     to set the Java Heap base and to place the Java Heap above 4GB virtual address.
# This output file may be truncated or incomplete.
#
#  Out of Memory Error (arena.cpp:191), pid=16480, tid=19180
#
# JRE version: OpenJDK Runtime Environment JBR-17.0.14+1-1367.22-nomod (17.0.14+1) (build 17.0.14+1-b1367.22)
# Java VM: OpenJDK 64-Bit Server VM JBR-17.0.14+1-1367.22-nomod (17.0.14+1-b1367.22, mixed mode, sharing, tiered, compressed oops, compressed class ptrs, g1 gc, windows-amd64)
# No core dump will be written. Minidumps are not enabled by default on client versions of Windows
#

---------------  S U M M A R Y ------------

Command Line: org.jetbrains.kotlin.cli.jvm.K2JVMCompiler @D:\TrueVoice\TrueVoice\app\build\20260327_17228554424336530915.compiler.options

Host: AMD Ryzen 5 7520U with Radeon Graphics         , 8 cores, 7G,  Windows 11 , 64 bit Build 26100 (10.0.26100.7920)
Time: Fri Mar 27 20:47:03 2026 India Standard Time elapsed time: 4.415387 seconds (0d 0h 0m 4s)

---------------  T H R E A D  ---------------

Current thread (0x000002573490f740):  JavaThread "C2 CompilerThread0" daemon [_thread_in_native, id=19180, stack(0x000000f42cd00000,0x000000f42ce00000)]


Current CompileTask:
C2:   4415 4903       4       org.jetbrains.org.objectweb.asm.ClassReader::readMethod (1061 bytes)

Stack: [0x000000f42cd00000,0x000000f42ce00000]
Native frames: (J=compiled Java code, j=interpreted, Vv=VM code, C=native code)
V  [jvm.dll+0x68b969]
V  [jvm.dll+0x84572a]
V  [jvm.dll+0x8473ae]
V  [jvm.dll+0x847a13]
V  [jvm.dll+0x24a83f]
V  [jvm.dll+0xaca04]
V  [jvm.dll+0xad04c]
V  [jvm.dll+0x36af67]
V  [jvm.dll+0x3352ca]
V  [jvm.dll+0x33476a]
V  [jvm.dll+0x21c231]
V  [jvm.dll+0x21b671]
V  [jvm.dll+0x1a6acd]
V  [jvm.dll+0x22b58e]
V  [jvm.dll+0x2296d5]
V  [jvm.dll+0x7f9637]
V  [jvm.dll+0x7f3a1c]
V  [jvm.dll+0x68a7c7]
C  [ucrtbase.dll+0x37b0]
C  [KERNEL32.DLL+0x2e8d7]
C  [ntdll.dll+0x8c48c]


---------------  P R O C E S S  ---------------

Threads class SMR info:
_java_thread_list=0x000002577bfa6a30, length=14, elements={
0x0000025718eb5c60, 0x00000257348ef0a0, 0x00000257348ef970, 0x0000025734909010,
0x000002573490d8f0, 0x000002573490e1c0, 0x000002573490ea90, 0x000002573490f740,
0x0000025734920e60, 0x0000025734921770, 0x0000025734cb6d50, 0x0000025734cdd910,
0x0000025734e5e560, 0x000002577c0933a0
}

Java Threads: ( => current thread )
  0x0000025718eb5c60 JavaThread "main" [_thread_in_Java, id=24312, stack(0x000000f42c000000,0x000000f42c100000)]
  0x00000257348ef0a0 JavaThread "Reference Handler" daemon [_thread_blocked, id=21364, stack(0x000000f42c700000,0x000000f42c800000)]
  0x00000257348ef970 JavaThread "Finalizer" daemon [_thread_blocked, id=23628, stack(0x000000f42c800000,0x000000f42c900000)]
  0x0000025734909010 JavaThread "Signal Dispatcher" daemon [_thread_blocked, id=9556, stack(0x000000f42c900000,0x000000f42ca00000)]
  0x000002573490d8f0 JavaThread "Attach Listener" daemon [_thread_blocked, id=24324, stack(0x000000f42ca00000,0x000000f42cb00000)]
  0x000002573490e1c0 JavaThread "Service Thread" daemon [_thread_blocked, id=4964, stack(0x000000f42cb00000,0x000000f42cc00000)]
  0x000002573490ea90 JavaThread "Monitor Deflation Thread" daemon [_thread_blocked, id=23280, stack(0x000000f42cc00000,0x000000f42cd00000)]
=>0x000002573490f740 JavaThread "C2 CompilerThread0" daemon [_thread_in_native, id=19180, stack(0x000000f42cd00000,0x000000f42ce00000)]
  0x0000025734920e60 JavaThread "C1 CompilerThread0" daemon [_thread_blocked, id=16640, stack(0x000000f42ce00000,0x000000f42cf00000)]
  0x0000025734921770 JavaThread "Sweeper thread" daemon [_thread_blocked, id=21400, stack(0x000000f42cf00000,0x000000f42d000000)]
  0x0000025734cb6d50 JavaThread "Notification Thread" daemon [_thread_blocked, id=17504, stack(0x000000f42d000000,0x000000f42d100000)]
  0x0000025734cdd910 JavaThread "Common-Cleaner" daemon [_thread_blocked, id=10200, stack(0x000000f42d200000,0x000000f42d300000)]
  0x0000025734e5e560 JavaThread "C2 CompilerThread1" daemon [_thread_in_native, id=14676, stack(0x000000f42d300000,0x000000f42d400000)]
  0x000002577c0933a0 JavaThread "C2 CompilerThread2" daemon [_thread_in_native, id=22920, stack(0x000000f42dc00000,0x000000f42dd00000)]

Other Threads:
  0x00000257348e8d40 VMThread "VM Thread" [stack: 0x000000f42c600000,0x000000f42c700000] [id=5044]
  0x0000025734cd7240 WatcherThread [stack: 0x000000f42d100000,0x000000f42d200000] [id=7076]
  0x0000025718f0ee40 GCTaskThread "GC Thread#0" [stack: 0x000000f42c100000,0x000000f42c200000] [id=20976]
  0x000002577a0c8a20 GCTaskThread "GC Thread#1" [stack: 0x000000f42d400000,0x000000f42d500000] [id=4388]
  0x000002577a0c9f20 GCTaskThread "GC Thread#2" [stack: 0x000000f42d500000,0x000000f42d600000] [id=23636]
  0x000002577a243b70 GCTaskThread "GC Thread#3" [stack: 0x000000f42d600000,0x000000f42d700000] [id=24168]
  0x000002577a243e30 GCTaskThread "GC Thread#4" [stack: 0x000000f42d700000,0x000000f42d800000] [id=4264]
  0x000002577a80d0c0 GCTaskThread "GC Thread#5" [stack: 0x000000f42d800000,0x000000f42d900000] [id=5752]
  0x000002577a690a70 GCTaskThread "GC Thread#6" [stack: 0x000000f42d900000,0x000000f42da00000] [id=9316]
  0x000002577a648830 GCTaskThread "GC Thread#7" [stack: 0x000000f42da00000,0x000000f42db00000] [id=2868]
  0x0000025718f1f5b0 ConcurrentGCThread "G1 Main Marker" [stack: 0x000000f42c200000,0x000000f42c300000] [id=12596]
  0x0000025718f20bb0 ConcurrentGCThread "G1 Conc#0" [stack: 0x000000f42c300000,0x000000f42c400000] [id=20808]
  0x000002577b2bd610 ConcurrentGCThread "G1 Conc#1" [stack: 0x000000f42db00000,0x000000f42dc00000] [id=11416]
  0x00000257347a5f80 ConcurrentGCThread "G1 Refine#0" [stack: 0x000000f42c400000,0x000000f42c500000] [id=1000]
  0x000002577af7d6d0 ConcurrentGCThread "G1 Refine#1" [stack: 0x000000f42dd00000,0x000000f42de00000] [id=11888]
  0x000002577b98b2a0 ConcurrentGCThread "G1 Refine#2" [stack: 0x000000f42de00000,0x000000f42df00000] [id=23272]
  0x00000257347a6660 ConcurrentGCThread "G1 Service" [stack: 0x000000f42c500000,0x000000f42c600000] [id=9860]

Threads with active compile tasks:
C2 CompilerThread0     4434 4903       4       org.jetbrains.org.objectweb.asm.ClassReader::readMethod (1061 bytes)
C2 CompilerThread1     4434 4889   !   4       org.jetbrains.kotlin.metadata.ProtoBuf$Function::<init> (1410 bytes)
C2 CompilerThread2     4434 4907   !   4       org.jetbrains.kotlin.metadata.ProtoBuf$Type::<init> (875 bytes)

VM state: not at safepoint (normal execution)

VM Mutex/Monitor currently owned by a thread: None

Heap address: 0x000000008b800000, size: 1864 MB, Compressed Oops mode: 32-bit

CDS archive(s) mapped at: [0x0000025735000000-0x0000025735c00000-0x0000025735c00000), size 12582912, SharedBaseAddress: 0x0000025735000000, ArchiveRelocationMode: 1.
Compressed class space mapped at: 0x0000025736000000-0x0000025776000000, reserved size: 1073741824
Narrow klass base: 0x0000025735000000, Narrow klass shift: 0, Narrow klass range: 0x100000000

GC Precious Log:
 CPUs: 8 total, 8 available
 Memory: 7455M
 Large Page Support: Disabled
 NUMA Support: Disabled
 Compressed Oops: Enabled (32-bit)
 Heap Region Size: 1M
 Heap Min Capacity: 8M
 Heap Initial Capacity: 118M
 Heap Max Capacity: 1864M
 Pre-touch: Disabled
 Parallel Workers: 8
 Concurrent Workers: 2
 Concurrent Refinement Workers: 8
 Periodic GC: Disabled

Heap:
 garbage-first heap   total 81920K, used 60321K [0x000000008b800000, 0x0000000100000000)
  region size 1024K, 30 young (30720K), 5 survivors (5120K)
 Metaspace       used 44613K, committed 44864K, reserved 1114112K
  class space    used 5506K, committed 5632K, reserved 1048576K

Heap Regions: E=young(eden), S=young(survivor), O=old, HS=humongous(starts), HC=humongous(continues), CS=collection set, F=free, OA=open archive, CA=closed archive, TAMS=top-at-mark-start (previous, next)
|   0|0x000000008b800000, 0x000000008b900000, 0x000000008b900000|100%|HS|  |TAMS 0x000000008b900000, 0x000000008b800000| Complete 
|   1|0x000000008b900000, 0x000000008ba00000, 0x000000008ba00000|100%|HC|  |TAMS 0x000000008ba00000, 0x000000008b900000| Complete 
|   2|0x000000008ba00000, 0x000000008bb00000, 0x000000008bb00000|100%|HC|  |TAMS 0x000000008bb00000, 0x000000008ba00000| Complete 
|   3|0x000000008bb00000, 0x000000008bc00000, 0x000000008bc00000|100%|HC|  |TAMS 0x000000008bc00000, 0x000000008bb00000| Complete 
|   4|0x000000008bc00000, 0x000000008bd00000, 0x000000008bd00000|100%| O|  |TAMS 0x000000008bd00000, 0x000000008bc00000| Untracked 
|   5|0x000000008bd00000, 0x000000008be00000, 0x000000008be00000|100%| O|  |TAMS 0x000000008be00000, 0x000000008bd00000| Untracked 
|   6|0x000000008be00000, 0x000000008bf00000, 0x000000008bf00000|100%|HS|  |TAMS 0x000000008be00000, 0x000000008be00000| Complete 
|   7|0x000000008bf00000, 0x000000008c000000, 0x000000008c000000|100%|HC|  |TAMS 0x000000008bf00000, 0x000000008bf00000| Complete 
|   8|0x000000008c000000, 0x000000008c100000, 0x000000008c100000|100%| O|  |TAMS 0x000000008c000000, 0x000000008c000000| Untracked 
|   9|0x000000008c100000, 0x000000008c200000, 0x000000008c200000|100%| O|  |TAMS 0x000000008c200000, 0x000000008c100000| Untracked 
|  10|0x000000008c200000, 0x000000008c300000, 0x000000008c300000|100%| O|  |TAMS 0x000000008c300000, 0x000000008c200000| Untracked 
|  11|0x000000008c300000, 0x000000008c400000, 0x000000008c400000|100%| O|  |TAMS 0x000000008c400000, 0x000000008c300000| Untracked 
|  12|0x000000008c400000, 0x000000008c500000, 0x000000008c500000|100%| O|  |TAMS 0x000000008c500000, 0x000000008c400000| Untracked 
|  13|0x000000008c500000, 0x000000008c600000, 0x000000008c600000|100%| O|  |TAMS 0x000000008c500000, 0x000000008c500000| Untracked 
|  14|0x000000008c600000, 0x000000008c700000, 0x000000008c700000|100%| O|  |TAMS 0x000000008c600000, 0x000000008c600000| Untracked 
|  15|0x000000008c700000, 0x000000008c800000, 0x000000008c800000|100%| O|  |TAMS 0x000000008c700000, 0x000000008c700000| Untracked 
|  16|0x000000008c800000, 0x000000008c900000, 0x000000008c900000|100%| O|  |TAMS 0x000000008c800000, 0x000000008c800000| Untracked 
|  17|0x000000008c900000, 0x000000008ca00000, 0x000000008ca00000|100%| O|  |TAMS 0x000000008ca00000, 0x000000008c900000| Untracked 
|  18|0x000000008ca00000, 0x000000008cb00000, 0x000000008cb00000|100%| O|  |TAMS 0x000000008cb00000, 0x000000008ca00000| Untracked 
|  19|0x000000008cb00000, 0x000000008cc00000, 0x000000008cc00000|100%| O|  |TAMS 0x000000008cc00000, 0x000000008cb00000| Untracked 
|  20|0x000000008cc00000, 0x000000008cd00000, 0x000000008cd00000|100%| O|  |TAMS 0x000000008cd00000, 0x000000008cc00000| Untracked 
|  21|0x000000008cd00000, 0x000000008cd68400, 0x000000008ce00000| 40%| O|  |TAMS 0x000000008cd68400, 0x000000008cd00000| Untracked 
|  22|0x000000008ce00000, 0x000000008cf00000, 0x000000008cf00000|100%| O|  |TAMS 0x000000008ce00000, 0x000000008ce00000| Untracked 
|  23|0x000000008cf00000, 0x000000008d000000, 0x000000008d000000|100%|HS|  |TAMS 0x000000008cf00000, 0x000000008cf00000| Complete 
|  24|0x000000008d000000, 0x000000008d100000, 0x000000008d100000|100%| O|  |TAMS 0x000000008d000000, 0x000000008d000000| Untracked 
|  25|0x000000008d100000, 0x000000008d200000, 0x000000008d200000|100%| O|  |TAMS 0x000000008d100000, 0x000000008d100000| Untracked 
|  26|0x000000008d200000, 0x000000008d300000, 0x000000008d300000|100%| O|  |TAMS 0x000000008d200000, 0x000000008d200000| Untracked 
|  27|0x000000008d300000, 0x000000008d400000, 0x000000008d400000|100%| O|  |TAMS 0x000000008d300000, 0x000000008d300000| Untracked 
|  28|0x000000008d400000, 0x000000008d500000, 0x000000008d500000|100%| O|  |TAMS 0x000000008d400000, 0x000000008d400000| Untracked 
|  29|0x000000008d500000, 0x000000008d500000, 0x000000008d600000|  0%| F|  |TAMS 0x000000008d500000, 0x000000008d500000| Untracked 
|  30|0x000000008d600000, 0x000000008d600000, 0x000000008d700000|  0%| F|  |TAMS 0x000000008d600000, 0x000000008d600000| Untracked 
|  31|0x000000008d700000, 0x000000008d700000, 0x000000008d800000|  0%| F|  |TAMS 0x000000008d700000, 0x000000008d700000| Untracked 
|  32|0x000000008d800000, 0x000000008d800000, 0x000000008d900000|  0%| F|  |TAMS 0x000000008d800000, 0x000000008d800000| Untracked 
|  33|0x000000008d900000, 0x000000008d900000, 0x000000008da00000|  0%| F|  |TAMS 0x000000008d900000, 0x000000008d900000| Untracked 
|  34|0x000000008da00000, 0x000000008da00000, 0x000000008db00000|  0%| F|  |TAMS 0x000000008da00000, 0x000000008da00000| Untracked 
|  35|0x000000008db00000, 0x000000008db00000, 0x000000008dc00000|  0%| F|  |TAMS 0x000000008db00000, 0x000000008db00000| Untracked 
|  36|0x000000008dc00000, 0x000000008dc00000, 0x000000008dd00000|  0%| F|  |TAMS 0x000000008dc00000, 0x000000008dc00000| Untracked 
|  37|0x000000008dd00000, 0x000000008dd00000, 0x000000008de00000|  0%| F|  |TAMS 0x000000008dd00000, 0x000000008dd00000| Untracked 
|  38|0x000000008de00000, 0x000000008de00000, 0x000000008df00000|  0%| F|  |TAMS 0x000000008de00000, 0x000000008de00000| Untracked 
|  39|0x000000008df00000, 0x000000008df00000, 0x000000008e000000|  0%| F|  |TAMS 0x000000008df00000, 0x000000008df00000| Untracked 
|  40|0x000000008e000000, 0x000000008e000000, 0x000000008e100000|  0%| F|  |TAMS 0x000000008e000000, 0x000000008e000000| Untracked 
|  41|0x000000008e100000, 0x000000008e100000, 0x000000008e200000|  0%| F|  |TAMS 0x000000008e100000, 0x000000008e100000| Untracked 
|  42|0x000000008e200000, 0x000000008e200000, 0x000000008e300000|  0%| F|  |TAMS 0x000000008e200000, 0x000000008e200000| Untracked 
|  43|0x000000008e300000, 0x000000008e300000, 0x000000008e400000|  0%| F|  |TAMS 0x000000008e300000, 0x000000008e300000| Untracked 
|  44|0x000000008e400000, 0x000000008e480000, 0x000000008e500000| 50%| S|CS|TAMS 0x000000008e400000, 0x000000008e400000| Complete 
|  45|0x000000008e500000, 0x000000008e600000, 0x000000008e600000|100%| S|CS|TAMS 0x000000008e500000, 0x000000008e500000| Complete 
|  46|0x000000008e600000, 0x000000008e700000, 0x000000008e700000|100%| S|CS|TAMS 0x000000008e600000, 0x000000008e600000| Complete 
|  47|0x000000008e700000, 0x000000008e800000, 0x000000008e800000|100%| S|CS|TAMS 0x000000008e700000, 0x000000008e700000| Complete 
|  48|0x000000008e800000, 0x000000008e900000, 0x000000008e900000|100%| S|CS|TAMS 0x000000008e800000, 0x000000008e800000| Complete 
|  49|0x000000008e900000, 0x000000008e900000, 0x000000008ea00000|  0%| F|  |TAMS 0x000000008e900000, 0x000000008e900000| Untracked 
|  50|0x000000008ea00000, 0x000000008ea00000, 0x000000008eb00000|  0%| F|  |TAMS 0x000000008ea00000, 0x000000008ea00000| Untracked 
|  51|0x000000008eb00000, 0x000000008eb00000, 0x000000008ec00000|  0%| F|  |TAMS 0x000000008eb00000, 0x000000008eb00000| Untracked 
|  52|0x000000008ec00000, 0x000000008ec00000, 0x000000008ed00000|  0%| F|  |TAMS 0x000000008ec00000, 0x000000008ec00000| Untracked 
|  53|0x000000008ed00000, 0x000000008edfea50, 0x000000008ee00000| 99%| E|  |TAMS 0x000000008ed00000, 0x000000008ed00000| Complete 
|  54|0x000000008ee00000, 0x000000008ef00000, 0x000000008ef00000|100%| E|CS|TAMS 0x000000008ee00000, 0x000000008ee00000| Complete 
|  55|0x000000008ef00000, 0x000000008f000000, 0x000000008f000000|100%| E|CS|TAMS 0x000000008ef00000, 0x000000008ef00000| Complete 
|  56|0x000000008f000000, 0x000000008f100000, 0x000000008f100000|100%| E|CS|TAMS 0x000000008f000000, 0x000000008f000000| Complete 
|  57|0x000000008f100000, 0x000000008f200000, 0x000000008f200000|100%| E|CS|TAMS 0x000000008f100000, 0x000000008f100000| Complete 
|  58|0x000000008f200000, 0x000000008f300000, 0x000000008f300000|100%| E|CS|TAMS 0x000000008f200000, 0x000000008f200000| Complete 
|  59|0x000000008f300000, 0x000000008f400000, 0x000000008f400000|100%| E|CS|TAMS 0x000000008f300000, 0x000000008f300000| Complete 
|  60|0x000000008f400000, 0x000000008f500000, 0x000000008f500000|100%| E|CS|TAMS 0x000000008f400000, 0x000000008f400000| Complete 
|  61|0x000000008f500000, 0x000000008f600000, 0x000000008f600000|100%| E|CS|TAMS 0x000000008f500000, 0x000000008f500000| Complete 
|  62|0x000000008f600000, 0x000000008f700000, 0x000000008f700000|100%| E|CS|TAMS 0x000000008f600000, 0x000000008f600000| Complete 
|  63|0x000000008f700000, 0x000000008f800000, 0x000000008f800000|100%| E|CS|TAMS 0x000000008f700000, 0x000000008f700000| Complete 
|  64|0x000000008f800000, 0x000000008f900000, 0x000000008f900000|100%| E|CS|TAMS 0x000000008f800000, 0x000000008f800000| Complete 
|  65|0x000000008f900000, 0x000000008fa00000, 0x000000008fa00000|100%| E|CS|TAMS 0x000000008f900000, 0x000000008f900000| Complete 
|  66|0x000000008fa00000, 0x000000008fb00000, 0x000000008fb00000|100%| E|CS|TAMS 0x000000008fa00000, 0x000000008fa00000| Complete 
|  67|0x000000008fb00000, 0x000000008fc00000, 0x000000008fc00000|100%| E|CS|TAMS 0x000000008fb00000, 0x000000008fb00000| Complete 
|  68|0x000000008fc00000, 0x000000008fd00000, 0x000000008fd00000|100%| E|CS|TAMS 0x000000008fc00000, 0x000000008fc00000| Complete 
|  69|0x000000008fd00000, 0x000000008fe00000, 0x000000008fe00000|100%| E|CS|TAMS 0x000000008fd00000, 0x000000008fd00000| Complete 
|  70|0x000000008fe00000, 0x000000008ff00000, 0x000000008ff00000|100%| E|CS|TAMS 0x000000008fe00000, 0x000000008fe00000| Complete 
|  71|0x000000008ff00000, 0x0000000090000000, 0x0000000090000000|100%| E|CS|TAMS 0x000000008ff00000, 0x000000008ff00000| Complete 
|  72|0x0000000090000000, 0x0000000090100000, 0x0000000090100000|100%| E|CS|TAMS 0x0000000090000000, 0x0000000090000000| Complete 
|  73|0x0000000090100000, 0x0000000090200000, 0x0000000090200000|100%| E|CS|TAMS 0x0000000090100000, 0x0000000090100000| Complete 
|  91|0x0000000091300000, 0x0000000091400000, 0x0000000091400000|100%| E|CS|TAMS 0x0000000091300000, 0x0000000091300000| Complete 
|  92|0x0000000091400000, 0x0000000091500000, 0x0000000091500000|100%| E|CS|TAMS 0x0000000091400000, 0x0000000091400000| Complete 
|  93|0x0000000091500000, 0x0000000091600000, 0x0000000091600000|100%| E|CS|TAMS 0x0000000091500000, 0x0000000091500000| Complete 
| 117|0x0000000092d00000, 0x0000000092e00000, 0x0000000092e00000|100%| E|CS|TAMS 0x0000000092d00000, 0x0000000092d00000| Complete 
|1862|0x00000000ffe00000, 0x00000000fff00000, 0x00000000fff00000|100%| O|  |TAMS 0x00000000fff00000, 0x00000000ffe00000| Untracked 
|1863|0x00000000fff00000, 0x0000000100000000, 0x0000000100000000|100%| O|  |TAMS 0x0000000100000000, 0x00000000fff00000| Untracked 

Card table byte_map: [0x000002572dc90000,0x000002572e040000] _byte_map_base: 0x000002572d834000

Marking Bits (Prev, Next): (CMBitMap*) 0x0000025718f10380, (CMBitMap*) 0x0000025718f103c0
 Prev Bits: [0x000002572e3f0000, 0x0000025730110000)
 Next Bits: [0x0000025730110000, 0x0000025731e30000)

Polling page: 0x0000025718e50000

Metaspace:

Usage:
  Non-class:     38.20 MB used.
      Class:      5.38 MB used.
       Both:     43.58 MB used.

Virtual space:
  Non-class space:       64.00 MB reserved,      38.31 MB ( 60%) committed,  1 nodes.
      Class space:        1.00 GB reserved,       5.50 MB ( <1%) committed,  1 nodes.
             Both:        1.06 GB reserved,      43.81 MB (  4%) committed. 

Chunk freelists:
   Non-Class:  8.20 MB
       Class:  10.53 MB
        Both:  18.73 MB

MaxMetaspaceSize: unlimited
CompressedClassSpaceSize: 1.00 GB
Initial GC threshold: 21.00 MB
Current GC threshold: 58.69 MB
CDS: on
MetaspaceReclaimPolicy: balanced
 - commit_granule_bytes: 65536.
 - commit_granule_words: 8192.
 - virtual_space_node_default_size: 8388608.
 - enlarge_chunks_in_place: 1.
 - new_chunks_are_fully_committed: 0.
 - uncommit_free_chunks: 1.
 - use_allocation_guard: 0.
 - handle_deallocations: 1.


Internal statistics:

num_allocs_failed_limit: 6.
num_arena_births: 198.
num_arena_deaths: 0.
num_vsnodes_births: 2.
num_vsnodes_deaths: 0.
num_space_committed: 699.
num_space_uncommitted: 0.
num_chunks_returned_to_freelist: 6.
num_chunks_taken_from_freelist: 1713.
num_chunk_merges: 6.
num_chunk_splits: 1440.
num_chunks_enlarged: 1289.
num_inconsistent_stats: 0.

CodeHeap 'non-profiled nmethods': size=120000Kb used=2417Kb max_used=2417Kb free=117582Kb
 bounds [0x0000025725940000, 0x0000025725bb0000, 0x000002572ce70000]
CodeHeap 'profiled nmethods': size=120000Kb used=11959Kb max_used=11959Kb free=108041Kb
 bounds [0x000002571de70000, 0x000002571ea20000, 0x00000257253a0000]
CodeHeap 'non-nmethods': size=5760Kb used=1278Kb max_used=1343Kb free=4481Kb
 bounds [0x00000257253a0000, 0x0000025725610000, 0x0000025725940000]
 total_blobs=5664 nmethods=5075 adapters=500
 compilation: enabled
              stopped_count=0, restarted_count=0
 full_count=0

Compilation events (20 events):
Event: 4.394 Thread 0x0000025734920e60 nmethod 5056 0x000002571e9f2410 code [0x000002571e9f25c0, 0x000002571e9f2768]
Event: 4.397 Thread 0x0000025734920e60 5057       3       org.jetbrains.kotlin.cli.common.arguments.JavaTypeEnhancementStateParser$parse$1::invoke (9 bytes)
Event: 4.397 Thread 0x0000025734920e60 nmethod 5057 0x000002571e9f2890 code [0x000002571e9f2a40, 0x000002571e9f2c68]
Event: 4.397 Thread 0x0000025734920e60 5058       3       org.jetbrains.kotlin.cli.common.arguments.JavaTypeEnhancementStateParser$parse$1::invoke (74 bytes)
Event: 4.398 Thread 0x0000025734920e60 nmethod 5058 0x000002571e9f2d10 code [0x000002571e9f2f80, 0x000002571e9f3858]
Event: 4.398 Thread 0x0000025734920e60 5059       3       org.jetbrains.kotlin.load.java.JavaNullabilityAnnotationSettingsKt::getJSPECIFY_OLD_ANNOTATIONS_PACKAGE (4 bytes)
Event: 4.398 Thread 0x0000025734920e60 nmethod 5059 0x000002571e9f3b90 code [0x000002571e9f3d20, 0x000002571e9f3e18]
Event: 4.398 Thread 0x0000025734920e60 5060       3       org.jetbrains.kotlin.resolve.scopes.MemberScope$Companion$ALL_NAME_FILTER$1::invoke (9 bytes)
Event: 4.398 Thread 0x0000025734920e60 nmethod 5060 0x000002571e9f3e90 code [0x000002571e9f40c0, 0x000002571e9f4838]
Event: 4.398 Thread 0x0000025734920e60 5061       3       org.jetbrains.kotlin.resolve.scopes.MemberScope$Companion$ALL_NAME_FILTER$1::invoke (11 bytes)
Event: 4.399 Thread 0x0000025734920e60 nmethod 5061 0x000002571e9f4b10 code [0x000002571e9f4d20, 0x000002571e9f5338]
Event: 4.402 Thread 0x0000025734920e60 5062       3       org.jetbrains.kotlin.load.java.components.LazyResolveBasedCache::recordMethod (54 bytes)
Event: 4.404 Thread 0x0000025734920e60 nmethod 5062 0x000002571e9f5590 code [0x000002571e9f58a0, 0x000002571e9f6918]
Event: 4.404 Thread 0x0000025734920e60 5063       3       org.jetbrains.kotlin.load.java.lazy.descriptors.LazyJavaScope::resolveMethodToFunctionDescriptor (484 bytes)
Event: 4.409 Thread 0x0000025734920e60 nmethod 5063 0x000002571e9f6e10 code [0x000002571e9f77e0, 0x000002571e9fda18]
Event: 4.409 Thread 0x0000025734920e60 5064       3       org.jetbrains.kotlin.resolve.jvm.kotlinSignature.SignaturePropagationUtilKt::containsAnyNotTrivialSignature (77 bytes)
Event: 4.410 Thread 0x0000025734920e60 nmethod 5064 0x000002571e9ffd90 code [0x000002571ea00060, 0x000002571ea01048]
Event: 4.410 Thread 0x0000025734920e60 5065       3       org.jetbrains.kotlin.load.java.PropertiesConventionUtilKt::propertyNameFromAccessorMethodName$default (27 bytes)
Event: 4.410 Thread 0x0000025734920e60 nmethod 5065 0x000002571ea01490 code [0x000002571ea01640, 0x000002571ea017c8]
Event: 4.413 Thread 0x0000025734920e60 5066       3       org.jetbrains.kotlin.descriptors.DescriptorVisibilities::compare (51 bytes)

GC Heap History (18 events):
Event: 0.479 GC heap before
{Heap before GC invocations=0 (full 0):
 garbage-first heap   total 120832K, used 27648K [0x000000008b800000, 0x0000000100000000)
  region size 1024K, 23 young (23552K), 0 survivors (0K)
 Metaspace       used 6713K, committed 6848K, reserved 1114112K
  class space    used 707K, committed 768K, reserved 1048576K
}
Event: 0.482 GC heap after
{Heap after GC invocations=1 (full 0):
 garbage-first heap   total 120832K, used 6912K [0x000000008b800000, 0x0000000100000000)
  region size 1024K, 3 young (3072K), 3 survivors (3072K)
 Metaspace       used 6713K, committed 6848K, reserved 1114112K
  class space    used 707K, committed 768K, reserved 1048576K
}
Event: 1.063 GC heap before
{Heap before GC invocations=1 (full 0):
 garbage-first heap   total 120832K, used 39680K [0x000000008b800000, 0x0000000100000000)
  region size 1024K, 35 young (35840K), 3 survivors (3072K)
 Metaspace       used 14072K, committed 14208K, reserved 1114112K
  class space    used 1668K, committed 1728K, reserved 1048576K
}
Event: 1.072 GC heap after
{Heap after GC invocations=2 (full 0):
 garbage-first heap   total 120832K, used 10494K [0x000000008b800000, 0x0000000100000000)
  region size 1024K, 4 young (4096K), 4 survivors (4096K)
 Metaspace       used 14072K, committed 14208K, reserved 1114112K
  class space    used 1668K, committed 1728K, reserved 1048576K
}
Event: 1.490 GC heap before
{Heap before GC invocations=2 (full 0):
 garbage-first heap   total 120832K, used 31998K [0x000000008b800000, 0x0000000100000000)
  region size 1024K, 26 young (26624K), 4 survivors (4096K)
 Metaspace       used 21293K, committed 21504K, reserved 1114112K
  class space    used 2894K, committed 3008K, reserved 1048576K
}
Event: 1.497 GC heap after
{Heap after GC invocations=3 (full 0):
 garbage-first heap   total 120832K, used 11681K [0x000000008b800000, 0x0000000100000000)
  region size 1024K, 5 young (5120K), 5 survivors (5120K)
 Metaspace       used 21293K, committed 21504K, reserved 1114112K
  class space    used 2894K, committed 3008K, reserved 1048576K
}
Event: 1.818 GC heap before
{Heap before GC invocations=4 (full 0):
 garbage-first heap   total 45056K, used 35233K [0x000000008b800000, 0x0000000100000000)
  region size 1024K, 27 young (27648K), 5 survivors (5120K)
 Metaspace       used 23083K, committed 23232K, reserved 1114112K
  class space    used 3275K, committed 3328K, reserved 1048576K
}
Event: 1.834 GC heap after
{Heap after GC invocations=5 (full 0):
 garbage-first heap   total 47104K, used 18457K [0x000000008b800000, 0x0000000100000000)
  region size 1024K, 4 young (4096K), 4 survivors (4096K)
 Metaspace       used 23083K, committed 23232K, reserved 1114112K
  class space    used 3275K, committed 3328K, reserved 1048576K
}
Event: 1.858 GC heap before
{Heap before GC invocations=5 (full 0):
 garbage-first heap   total 47104K, used 19481K [0x000000008b800000, 0x0000000100000000)
  region size 1024K, 5 young (5120K), 4 survivors (4096K)
 Metaspace       used 23318K, committed 23488K, reserved 1114112K
  class space    used 3306K, committed 3392K, reserved 1048576K
}
Event: 1.864 GC heap after
{Heap after GC invocations=6 (full 0):
 garbage-first heap   total 47104K, used 19652K [0x000000008b800000, 0x0000000100000000)
  region size 1024K, 1 young (1024K), 1 survivors (1024K)
 Metaspace       used 23318K, committed 23488K, reserved 1114112K
  class space    used 3306K, committed 3392K, reserved 1048576K
}
Event: 2.061 GC heap before
{Heap before GC invocations=6 (full 0):
 garbage-first heap   total 47104K, used 33988K [0x000000008b800000, 0x0000000100000000)
  region size 1024K, 15 young (15360K), 1 survivors (1024K)
 Metaspace       used 26848K, committed 27008K, reserved 1114112K
  class space    used 3712K, committed 3776K, reserved 1048576K
}
Event: 2.065 GC heap after
{Heap after GC invocations=7 (full 0):
 garbage-first heap   total 83968K, used 18667K [0x000000008b800000, 0x0000000100000000)
  region size 1024K, 2 young (2048K), 2 survivors (2048K)
 Metaspace       used 26848K, committed 27008K, reserved 1114112K
  class space    used 3712K, committed 3776K, reserved 1048576K
}
Event: 2.644 GC heap before
{Heap before GC invocations=7 (full 0):
 garbage-first heap   total 83968K, used 59627K [0x000000008b800000, 0x0000000100000000)
  region size 1024K, 43 young (44032K), 2 survivors (2048K)
 Metaspace       used 35733K, committed 35968K, reserved 1114112K
  class space    used 4601K, committed 4736K, reserved 1048576K
}
Event: 2.653 GC heap after
{Heap after GC invocations=8 (full 0):
 garbage-first heap   total 83968K, used 22037K [0x000000008b800000, 0x0000000100000000)
  region size 1024K, 6 young (6144K), 6 survivors (6144K)
 Metaspace       used 35733K, committed 35968K, reserved 1114112K
  class space    used 4601K, committed 4736K, reserved 1048576K
}
Event: 3.427 GC heap before
{Heap before GC invocations=9 (full 0):
 garbage-first heap   total 81920K, used 60949K [0x000000008b800000, 0x0000000100000000)
  region size 1024K, 42 young (43008K), 6 survivors (6144K)
 Metaspace       used 41535K, committed 41728K, reserved 1114112K
  class space    used 5275K, committed 5376K, reserved 1048576K
}
Event: 3.440 GC heap after
{Heap after GC invocations=10 (full 0):
 garbage-first heap   total 81920K, used 30220K [0x000000008b800000, 0x0000000100000000)
  region size 1024K, 6 young (6144K), 6 survivors (6144K)
 Metaspace       used 41535K, committed 41728K, reserved 1114112K
  class space    used 5275K, committed 5376K, reserved 1048576K
}
Event: 4.201 GC heap before
{Heap before GC invocations=10 (full 0):
 garbage-first heap   total 81920K, used 60940K [0x000000008b800000, 0x0000000100000000)
  region size 1024K, 35 young (35840K), 6 survivors (6144K)
 Metaspace       used 44406K, committed 44672K, reserved 1114112K
  class space    used 5504K, committed 5632K, reserved 1048576K
}
Event: 4.215 GC heap after
{Heap after GC invocations=11 (full 0):
 garbage-first heap   total 81920K, used 35745K [0x000000008b800000, 0x0000000100000000)
  region size 1024K, 5 young (5120K), 5 survivors (5120K)
 Metaspace       used 44406K, committed 44672K, reserved 1114112K
  class space    used 5504K, committed 5632K, reserved 1048576K
}

Dll operation events (3 events):
Event: 0.008 Loaded shared library C:\Users\homee\.jdks\jbr-17.0.14\bin\java.dll
Event: 0.023 Loaded shared library C:\Users\homee\.jdks\jbr-17.0.14\bin\jsvml.dll
Event: 1.329 Loaded shared library C:\Users\homee\.jdks\jbr-17.0.14\bin\verify.dll

Deoptimization events (20 events):
Event: 4.296 Thread 0x0000025718eb5c60 DEOPT PACKING pc=0x000002571e62a803 sp=0x000000f42c0fbdb0
Event: 4.296 Thread 0x0000025718eb5c60 DEOPT UNPACKING pc=0x00000257253f7143 sp=0x000000f42c0fb2b8 mode 0
Event: 4.298 Thread 0x0000025718eb5c60 DEOPT PACKING pc=0x000002571e62a803 sp=0x000000f42c0fbdb0
Event: 4.298 Thread 0x0000025718eb5c60 DEOPT UNPACKING pc=0x00000257253f7143 sp=0x000000f42c0fb2b8 mode 0
Event: 4.323 Thread 0x0000025718eb5c60 Uncommon trap: trap_request=0xffffffde fr.pc=0x0000025725a23dcc relative=0x000000000000012c
Event: 4.323 Thread 0x0000025718eb5c60 Uncommon trap: reason=class_check action=maybe_recompile pc=0x0000025725a23dcc method=java.util.ArrayList.hashCodeRange(II)I @ 53 c2
Event: 4.323 Thread 0x0000025718eb5c60 DEOPT PACKING pc=0x0000025725a23dcc sp=0x000000f42c0fbf90
Event: 4.323 Thread 0x0000025718eb5c60 DEOPT UNPACKING pc=0x00000257253f69a3 sp=0x000000f42c0fbef0 mode 2
Event: 4.323 Thread 0x0000025718eb5c60 Uncommon trap: trap_request=0xffffffde fr.pc=0x0000025725a23dcc relative=0x000000000000012c
Event: 4.323 Thread 0x0000025718eb5c60 Uncommon trap: reason=class_check action=maybe_recompile pc=0x0000025725a23dcc method=java.util.ArrayList.hashCodeRange(II)I @ 53 c2
Event: 4.323 Thread 0x0000025718eb5c60 DEOPT PACKING pc=0x0000025725a23dcc sp=0x000000f42c0fbf90
Event: 4.323 Thread 0x0000025718eb5c60 DEOPT UNPACKING pc=0x00000257253f69a3 sp=0x000000f42c0fbef0 mode 2
Event: 4.323 Thread 0x0000025718eb5c60 Uncommon trap: trap_request=0xffffffde fr.pc=0x0000025725a23dcc relative=0x000000000000012c
Event: 4.323 Thread 0x0000025718eb5c60 Uncommon trap: reason=class_check action=maybe_recompile pc=0x0000025725a23dcc method=java.util.ArrayList.hashCodeRange(II)I @ 53 c2
Event: 4.323 Thread 0x0000025718eb5c60 DEOPT PACKING pc=0x0000025725a23dcc sp=0x000000f42c0fbf90
Event: 4.323 Thread 0x0000025718eb5c60 DEOPT UNPACKING pc=0x00000257253f69a3 sp=0x000000f42c0fbef0 mode 2
Event: 4.323 Thread 0x0000025718eb5c60 Uncommon trap: trap_request=0xffffffde fr.pc=0x0000025725a23dcc relative=0x000000000000012c
Event: 4.323 Thread 0x0000025718eb5c60 Uncommon trap: reason=class_check action=maybe_recompile pc=0x0000025725a23dcc method=java.util.ArrayList.hashCodeRange(II)I @ 53 c2
Event: 4.323 Thread 0x0000025718eb5c60 DEOPT PACKING pc=0x0000025725a23dcc sp=0x000000f42c0fbf90
Event: 4.323 Thread 0x0000025718eb5c60 DEOPT UNPACKING pc=0x00000257253f69a3 sp=0x000000f42c0fbef0 mode 2

Classes loaded (20 events):
Event: 2.701 Loading class java/util/ArrayList$ListItr
Event: 2.701 Loading class java/util/ArrayList$ListItr done
Event: 2.836 Loading class java/lang/Override
Event: 2.836 Loading class java/lang/Override done
Event: 2.930 Loading class java/util/AbstractList$ListItr
Event: 2.930 Loading class java/util/AbstractList$ListItr done
Event: 2.936 Loading class java/util/stream/IntPipeline$1
Event: 2.936 Loading class java/util/stream/IntPipeline$1 done
Event: 2.939 Loading class java/util/stream/IntPipeline$1$1
Event: 2.939 Loading class java/util/stream/IntPipeline$1$1 done
Event: 2.962 Loading class java/io/InvalidObjectException
Event: 2.963 Loading class java/io/InvalidObjectException done
Event: 3.021 Loading class java/util/AbstractList$SubList$1
Event: 3.021 Loading class java/util/AbstractList$SubList$1 done
Event: 3.041 Loading class java/text/StringCharacterIterator
Event: 3.041 Loading class java/text/CharacterIterator
Event: 3.041 Loading class java/text/CharacterIterator done
Event: 3.041 Loading class java/text/StringCharacterIterator done
Event: 3.674 Loading class java/util/RegularEnumSet$EnumSetIterator
Event: 3.674 Loading class java/util/RegularEnumSet$EnumSetIterator done

Classes unloaded (0 events):
No events

Classes redefined (0 events):
No events

Internal exceptions (20 events):
Event: 1.144 Thread 0x0000025718eb5c60 Exception <a 'java/lang/NoSuchMethodError'{0x0000000092932798}: 'int java.lang.invoke.DirectMethodHandle$Holder.invokeStaticInit(java.lang.Object, java.lang.Object, java.lang.Object)'> (0x0000000092932798) 
thrown [s\src\hotspot\share\interpreter\linkResolver.cpp, line 771]
Event: 1.149 Thread 0x0000025718eb5c60 Exception <a 'java/lang/NoSuchMethodError'{0x000000009295a6f0}: 'int java.lang.invoke.DirectMethodHandle$Holder.invokeStaticInit(java.lang.Object, java.lang.Object)'> (0x000000009295a6f0) 
thrown [s\src\hotspot\share\interpreter\linkResolver.cpp, line 771]
Event: 1.172 Thread 0x0000025718eb5c60 Exception <a 'java/lang/NoSuchMethodError'{0x000000009283a6a0}: 'void java.lang.invoke.DirectMethodHandle$Holder.invokeSpecial(java.lang.Object, java.lang.Object, java.lang.Object)'> (0x000000009283a6a0) 
thrown [s\src\hotspot\share\interpreter\linkResolver.cpp, line 771]
Event: 1.234 Thread 0x0000025718eb5c60 Exception <a 'java/lang/NoSuchMethodError'{0x0000000092560bb8}: 'void java.lang.invoke.DirectMethodHandle$Holder.invokeStatic(java.lang.Object, java.lang.Object, java.lang.Object, java.lang.Object)'> (0x0000000092560bb8) 
thrown [s\src\hotspot\share\interpreter\linkResolver.cpp, line 771]
Event: 1.298 Thread 0x0000025718eb5c60 Exception <a 'java/lang/NoSuchMethodError'{0x000000009211f3a8}: 'void java.lang.invoke.DirectMethodHandle$Holder.invokeStaticInit(java.lang.Object, java.lang.Object)'> (0x000000009211f3a8) 
thrown [s\src\hotspot\share\interpreter\linkResolver.cpp, line 771]
Event: 1.395 Thread 0x0000025718eb5c60 Exception <a 'java/lang/NoSuchMethodError'{0x0000000091caac80}: 'void java.lang.invoke.DirectMethodHandle$Holder.invokeVirtual(java.lang.Object, java.lang.Object)'> (0x0000000091caac80) 
thrown [s\src\hotspot\share\interpreter\linkResolver.cpp, line 771]
Event: 1.401 Thread 0x0000025718eb5c60 Exception <a 'java/lang/NoSuchMethodError'{0x0000000091cf5b10}: 'int java.lang.invoke.DirectMethodHandle$Holder.invokeVirtual(java.lang.Object, java.lang.Object)'> (0x0000000091cf5b10) 
thrown [s\src\hotspot\share\interpreter\linkResolver.cpp, line 771]
Event: 1.414 Thread 0x0000025718eb5c60 Exception <a 'java/lang/NoSuchMethodError'{0x0000000091b8eb00}: 'java.lang.Object java.lang.invoke.Invokers$Holder.invokeExact_MT(java.lang.Object, java.lang.Object, java.lang.Object, java.lang.Object, java.lang.Object, java.lang.Object)'> (0x0000000091b8eb00) 
thrown [s\src\hotspot\share\interpreter\linkResolver.cpp, line 771]
Event: 1.912 Thread 0x0000025718eb5c60 Implicit null exception at 0x000002572595cd72 to 0x000002572595d33c
Event: 2.000 Thread 0x0000025718eb5c60 Implicit null exception at 0x000002572595d972 to 0x000002572595df4c
Event: 2.037 Thread 0x0000025718eb5c60 Exception <a 'java/lang/NoSuchMethodError'{0x000000008d631e60}: 'java.lang.Object java.lang.invoke.DirectMethodHandle$Holder.invokeVirtual(java.lang.Object, java.lang.Object, java.lang.Object)'> (0x000000008d631e60) 
thrown [s\src\hotspot\share\interpreter\linkResolver.cpp, line 771]
Event: 2.658 Thread 0x0000025718eb5c60 Exception <a 'java/lang/NoSuchMethodError'{0x0000000092d07870}: 'java.lang.Object java.lang.invoke.DirectMethodHandle$Holder.newInvokeSpecial(java.lang.Object, java.lang.Object, int)'> (0x0000000092d07870) 
thrown [s\src\hotspot\share\interpreter\linkResolver.cpp, line 771]
Event: 2.721 Thread 0x0000025718eb5c60 Exception <a 'java/lang/NoSuchMethodError'{0x00000000915d45b0}: 'java.lang.Object java.lang.invoke.DirectMethodHandle$Holder.newInvokeSpecial(java.lang.Object, java.lang.Object, java.lang.Object, int)'> (0x00000000915d45b0) 
thrown [s\src\hotspot\share\interpreter\linkResolver.cpp, line 771]
Event: 2.721 Thread 0x0000025718eb5c60 Exception <a 'java/lang/NoSuchMethodError'{0x00000000915d8c38}: 'java.lang.Object java.lang.invoke.DirectMethodHandle$Holder.invokeSpecial(java.lang.Object, java.lang.Object, java.lang.Object, java.lang.Object, int)'> (0x00000000915d8c38) 
thrown [s\src\hotspot\share\interpreter\linkResolver.cpp, line 771]
Event: 2.722 Thread 0x0000025718eb5c60 Exception <a 'java/lang/NoSuchMethodError'{0x00000000915dcaa8}: 'java.lang.Object java.lang.invoke.Invokers$Holder.linkToTargetMethod(java.lang.Object, java.lang.Object, int, java.lang.Object)'> (0x00000000915dcaa8) 
thrown [s\src\hotspot\share\interpreter\linkResolver.cpp, line 771]
Event: 3.672 Thread 0x0000025718eb5c60 Exception <a 'java/lang/NoSuchMethodError'{0x000000008f772e90}: 'java.lang.Object java.lang.invoke.DirectMethodHandle$Holder.invokeSpecial(java.lang.Object, java.lang.Object, java.lang.Object, java.lang.Object, java.lang.Object, java.lang.Object, int)'> (0x000000008f772e90) 
thrown [s\src\hotspot\share\interpreter\linkResolver.cpp, line 771]
Event: 3.673 Thread 0x0000025718eb5c60 Exception <a 'java/lang/NoSuchMethodError'{0x000000008f77c780}: 'java.lang.Object java.lang.invoke.DirectMethodHandle$Holder.newInvokeSpecial(java.lang.Object, java.lang.Object, java.lang.Object, java.lang.Object, java.lang.Object, java.lang.Object)'> (0x000000008f77c780) 
thrown [s\src\hotspot\share\interpreter\linkResolver.cpp, line 771]
Event: 3.688 Thread 0x0000025718eb5c60 Implicit null exception at 0x0000025725b28f3d to 0x0000025725b29635
Event: 3.688 Thread 0x0000025718eb5c60 Implicit null exception at 0x0000025725b2888f to 0x0000025725b288c0
Event: 3.760 Thread 0x0000025718eb5c60 Exception <a 'java/lang/NoSuchMethodError'{0x000000008f300560}: 'java.lang.Object java.lang.invoke.DirectMethodHandle$Holder.invokeStaticInit(java.lang.Object, java.lang.Object, java.lang.Object)'> (0x000000008f300560) 
thrown [s\src\hotspot\share\interpreter\linkResolver.cpp, line 771]

VM Operations (20 events):
Event: 3.419 Executing VM operation: ICBufferFull
Event: 3.419 Executing VM operation: ICBufferFull done
Event: 3.427 Executing VM operation: G1CollectForAllocation
Event: 3.440 Executing VM operation: G1CollectForAllocation done
Event: 3.676 Executing VM operation: HandshakeAllThreads
Event: 3.676 Executing VM operation: HandshakeAllThreads done
Event: 3.766 Executing VM operation: ICBufferFull
Event: 3.766 Executing VM operation: ICBufferFull done
Event: 3.955 Executing VM operation: ICBufferFull
Event: 3.956 Executing VM operation: ICBufferFull done
Event: 4.124 Executing VM operation: ICBufferFull
Event: 4.125 Executing VM operation: ICBufferFull done
Event: 4.128 Executing VM operation: HandshakeAllThreads
Event: 4.128 Executing VM operation: HandshakeAllThreads done
Event: 4.142 Executing VM operation: HandshakeAllThreads
Event: 4.142 Executing VM operation: HandshakeAllThreads done
Event: 4.143 Executing VM operation: HandshakeAllThreads
Event: 4.143 Executing VM operation: HandshakeAllThreads done
Event: 4.201 Executing VM operation: G1CollectForAllocation
Event: 4.215 Executing VM operation: G1CollectForAllocation done

Memory protections (0 events):
No events

Nmethod flushes (0 events):
No events

Events (20 events):
Event: 0.023 Thread 0x0000025718eb5c60 Thread added: 0x0000025718eb5c60
Event: 0.027 Thread 0x0000025718eb5c60 Thread added: 0x00000257348ef0a0
Event: 0.028 Thread 0x0000025718eb5c60 Thread added: 0x00000257348ef970
Event: 0.041 Thread 0x0000025718eb5c60 Thread added: 0x0000025734909010
Event: 0.041 Thread 0x0000025718eb5c60 Thread added: 0x000002573490d8f0
Event: 0.041 Thread 0x0000025718eb5c60 Thread added: 0x000002573490e1c0
Event: 0.041 Thread 0x0000025718eb5c60 Thread added: 0x000002573490ea90
Event: 0.042 Thread 0x0000025718eb5c60 Thread added: 0x000002573490f740
Event: 0.042 Thread 0x0000025718eb5c60 Thread added: 0x0000025734920e60
Event: 0.042 Thread 0x0000025718eb5c60 Thread added: 0x0000025734921770
Event: 0.065 Thread 0x0000025718eb5c60 Thread added: 0x0000025734cb6d50
Event: 0.068 Thread 0x0000025718eb5c60 Thread added: 0x0000025734cdd910
Event: 0.073 Loaded shared library C:\Users\homee\.jdks\jbr-17.0.14\bin\net.dll
Event: 0.075 Loaded shared library C:\Users\homee\.jdks\jbr-17.0.14\bin\nio.dll
Event: 0.100 Loaded shared library C:\Users\homee\.jdks\jbr-17.0.14\bin\zip.dll
Event: 0.131 Loaded shared library C:\Users\homee\.jdks\jbr-17.0.14\bin\jimage.dll
Event: 0.223 Thread 0x000002573490f740 Thread added: 0x0000025734e5e560
Event: 1.581 Thread 0x000002573490f740 Thread added: 0x000002577b426ab0
Event: 1.887 Thread 0x000002577b426ab0 Thread exited: 0x000002577b426ab0
Event: 2.663 Thread 0x0000025734920e60 Thread added: 0x000002577c0933a0


Dynamic libraries:
0x00007ff7778b0000 - 0x00007ff7778ba000 	C:\Users\homee\.jdks\jbr-17.0.14\bin\java.exe
0x00007ffd842e0000 - 0x00007ffd84547000 	C:\WINDOWS\SYSTEM32\ntdll.dll
0x00007ffd829f0000 - 0x00007ffd82ab9000 	C:\WINDOWS\System32\KERNEL32.DLL
0x00007ffd80bc0000 - 0x00007ffd80fb1000 	C:\WINDOWS\System32\KERNELBASE.dll
0x00007ffd811c0000 - 0x00007ffd8130b000 	C:\WINDOWS\System32\ucrtbase.dll
0x00007ffd5ef50000 - 0x00007ffd5ef67000 	C:\Users\homee\.jdks\jbr-17.0.14\bin\jli.dll
0x00007ffd58620000 - 0x00007ffd5863b000 	C:\Users\homee\.jdks\jbr-17.0.14\bin\VCRUNTIME140.dll
0x00007ffd840d0000 - 0x00007ffd84295000 	C:\WINDOWS\System32\USER32.dll
0x00007ffd81440000 - 0x00007ffd81467000 	C:\WINDOWS\System32\win32u.dll
0x00007ffd6d370000 - 0x00007ffd6d603000 	C:\WINDOWS\WinSxS\amd64_microsoft.windows.common-controls_6595b64144ccf1df_6.0.26100.8037_none_3e092faae333b53b\COMCTL32.dll
0x00007ffd825c0000 - 0x00007ffd82669000 	C:\WINDOWS\System32\msvcrt.dll
0x00007ffd838c0000 - 0x00007ffd838eb000 	C:\WINDOWS\System32\GDI32.dll
0x00007ffd81310000 - 0x00007ffd8143b000 	C:\WINDOWS\System32\gdi32full.dll
0x00007ffd81470000 - 0x00007ffd81513000 	C:\WINDOWS\System32\msvcp_win.dll
0x00007ffd82dd0000 - 0x00007ffd82e01000 	C:\WINDOWS\System32\IMM32.DLL
0x00007ffd7c8c0000 - 0x00007ffd7c8cc000 	C:\Users\homee\.jdks\jbr-17.0.14\bin\vcruntime140_1.dll
0x00007ffd1ec60000 - 0x00007ffd1eced000 	C:\Users\homee\.jdks\jbr-17.0.14\bin\msvcp140.dll
0x00007ffcbf5c0000 - 0x00007ffcc024e000 	C:\Users\homee\.jdks\jbr-17.0.14\bin\server\jvm.dll
0x00007ffd82e10000 - 0x00007ffd82ecb000 	C:\WINDOWS\System32\ADVAPI32.dll
0x00007ffd83280000 - 0x00007ffd83327000 	C:\WINDOWS\System32\sechost.dll
0x00007ffd82ed0000 - 0x00007ffd82fe8000 	C:\WINDOWS\System32\RPCRT4.dll
0x00007ffd82ac0000 - 0x00007ffd82b34000 	C:\WINDOWS\System32\WS2_32.dll
0x00007ffd80a20000 - 0x00007ffd80a7e000 	C:\WINDOWS\SYSTEM32\POWRPROF.dll
0x00007ffd761b0000 - 0x00007ffd761e5000 	C:\WINDOWS\SYSTEM32\WINMM.dll
0x00007ffd75980000 - 0x00007ffd7598b000 	C:\WINDOWS\SYSTEM32\VERSION.dll
0x00007ffd80a00000 - 0x00007ffd80a14000 	C:\WINDOWS\SYSTEM32\UMPDC.dll
0x00007ffd7f950000 - 0x00007ffd7f96b000 	C:\WINDOWS\SYSTEM32\kernel.appcore.dll
0x00007ffd6f310000 - 0x00007ffd6f31a000 	C:\Users\homee\.jdks\jbr-17.0.14\bin\jimage.dll
0x00007ffd73e80000 - 0x00007ffd740c2000 	C:\WINDOWS\SYSTEM32\DBGHELP.DLL
0x00007ffd82220000 - 0x00007ffd825a2000 	C:\WINDOWS\System32\combase.dll
0x00007ffd82860000 - 0x00007ffd82937000 	C:\WINDOWS\System32\OLEAUT32.dll
0x00007ffd69bc0000 - 0x00007ffd69bfb000 	C:\WINDOWS\SYSTEM32\dbgcore.DLL
0x00007ffd81080000 - 0x00007ffd81125000 	C:\WINDOWS\System32\bcryptPrimitives.dll
0x00007ffd4c740000 - 0x00007ffd4c765000 	C:\Users\homee\.jdks\jbr-17.0.14\bin\java.dll
0x00007ffd17080000 - 0x00007ffd17157000 	C:\Users\homee\.jdks\jbr-17.0.14\bin\jsvml.dll
0x00007ffd838f0000 - 0x00007ffd8404f000 	C:\WINDOWS\System32\SHELL32.dll
0x00007ffd81520000 - 0x00007ffd8168a000 	C:\WINDOWS\System32\wintypes.dll
0x00007ffd81810000 - 0x00007ffd82074000 	C:\WINDOWS\System32\windows.storage.dll
0x00007ffd837c0000 - 0x00007ffd838b7000 	C:\WINDOWS\System32\SHCORE.dll
0x00007ffd82d60000 - 0x00007ffd82dc7000 	C:\WINDOWS\System32\shlwapi.dll
0x00007ffd80ae0000 - 0x00007ffd80b09000 	C:\WINDOWS\SYSTEM32\profapi.dll
0x00007ffd50820000 - 0x00007ffd50839000 	C:\Users\homee\.jdks\jbr-17.0.14\bin\net.dll
0x00007ffd75610000 - 0x00007ffd75737000 	C:\WINDOWS\SYSTEM32\WINHTTP.dll
0x00007ffd7fec0000 - 0x00007ffd7ff2b000 	C:\WINDOWS\system32\mswsock.dll
0x00007ffd50470000 - 0x00007ffd50486000 	C:\Users\homee\.jdks\jbr-17.0.14\bin\nio.dll
0x00007ffd53bc0000 - 0x00007ffd53bd8000 	C:\Users\homee\.jdks\jbr-17.0.14\bin\zip.dll
0x00007ffd65550000 - 0x00007ffd65560000 	C:\Users\homee\.jdks\jbr-17.0.14\bin\verify.dll

dbghelp: loaded successfully - version: 4.0.5 - missing functions: none
symbol engine: initialized successfully - sym options: 0x614 - pdb path: .;C:\Users\homee\.jdks\jbr-17.0.14\bin;C:\WINDOWS\SYSTEM32;C:\WINDOWS\WinSxS\amd64_microsoft.windows.common-controls_6595b64144ccf1df_6.0.26100.8037_none_3e092faae333b53b;C:\Users\homee\.jdks\jbr-17.0.14\bin\server

VM Arguments:
java_command: org.jetbrains.kotlin.cli.jvm.K2JVMCompiler @D:\TrueVoice\TrueVoice\app\build\20260327_17228554424336530915.compiler.options
java_class_path (initial): C:\Users\homee\.gradle\caches\modules-2\files-2.1\org.jetbrains.kotlin\kotlin-compiler-embeddable\1.9.10\57ca1b0823ae3ecb451a97e1f8e6de0b19ea5294\kotlin-compiler-embeddable-1.9.10.jar;C:\Users\homee\.gradle\caches\modules-2\files-2.1\org.jetbrains.kotlin\kotlin-stdlib\1.9.10\72812e8a368917ab5c0a5081b56915ffdfec93b7\kotlin-stdlib-1.9.10.jar;C:\Users\homee\.gradle\caches\modules-2\files-2.1\org.jetbrains.kotlin\kotlin-script-runtime\1.9.10\398513a8534701579cccaf5953ea914416b4696c\kotlin-script-runtime-1.9.10.jar;C:\Users\homee\.gradle\caches\modules-2\files-2.1\org.jetbrains.kotlin\kotlin-reflect\1.6.10\1cbe9c92c12a94eea200d23c2bbaedaf3daf5132\kotlin-reflect-1.6.10.jar;C:\Users\homee\.gradle\caches\modules-2\files-2.1\org.jetbrains.kotlin\kotlin-daemon-embeddable\1.9.10\bda2f7daa6b89d2ded2d9e1e0b0cadaf9446ade1\kotlin-daemon-embeddable-1.9.10.jar;C:\Users\homee\.gradle\caches\modules-2\files-2.1\org.jetbrains.intellij.deps\trove4j\1.0.20200330\3afb14d5f9ceb459d724e907a21145e8ff394f02\trove4j-1.0.20200330.jar;C:\Users\homee\.gradle\caches\modules-2\files-2.1\org.jetbrains.kotlin\kotlin-stdlib-common\1.9.10\dafaf2c27f27c09220cee312df10917d9a5d97ce\kotlin-stdlib-common-1.9.10.jar;C:\Users\homee\.gradle\caches\modules-2\files-2.1\org.jetbrains\annotations\13.0\919f0dfe192fb4e063e7dacadee7f8bb9a2672a9\annotations-13.0.jar
Launcher Type: SUN_STANDARD

[Global flags]
     intx CICompilerCount                          = 4                                         {product} {ergonomic}
     uint ConcGCThreads                            = 2                                         {product} {ergonomic}
     uint G1ConcRefinementThreads                  = 8                                         {product} {ergonomic}
   size_t G1HeapRegionSize                         = 1048576                                   {product} {ergonomic}
    uintx GCDrainStackTargetSize                   = 64                                        {product} {ergonomic}
   size_t InitialHeapSize                          = 123731968                                 {product} {ergonomic}
   size_t MarkStackSize                            = 4194304                                   {product} {ergonomic}
   size_t MaxHeapSize                              = 1954545664                                {product} {ergonomic}
   size_t MaxNewSize                               = 1172307968                                {product} {ergonomic}
   size_t MinHeapDeltaBytes                        = 1048576                                   {product} {ergonomic}
   size_t MinHeapSize                              = 8388608                                   {product} {ergonomic}
    uintx NonNMethodCodeHeapSize                   = 5839372                                {pd product} {ergonomic}
    uintx NonProfiledCodeHeapSize                  = 122909434                              {pd product} {ergonomic}
    uintx ProfiledCodeHeapSize                     = 122909434                              {pd product} {ergonomic}
    uintx ReservedCodeCacheSize                    = 251658240                              {pd product} {ergonomic}
     bool SegmentedCodeCache                       = true                                      {product} {ergonomic}
   size_t SoftMaxHeapSize                          = 1954545664                             {manageable} {ergonomic}
     bool UseCompressedClassPointers               = true                           {product lp64_product} {ergonomic}
     bool UseCompressedOops                        = true                           {product lp64_product} {ergonomic}
     bool UseG1GC                                  = true                                      {product} {ergonomic}
     bool UseLargePagesIndividualAllocation        = false                                  {pd product} {ergonomic}

Logging:
Log output configuration:
 #0: stdout all=warning uptime,level,tags
 #1: stderr all=off uptime,level,tags

Environment Variables:
PATH=C:\Program Files (x86)\Common Files\Oracle\Java\java8path;C:\Program Files (x86)\Common Files\Oracle\Java\javapath;C:\WINDOWS\system32;C:\WINDOWS;C:\WINDOWS\System32\Wbem;C:\WINDOWS\System32\WindowsPowerShell\v1.0\;C:\WINDOWS\System32\OpenSSH\;C:\Program Files\dotnet\;C:\Users\homee\AppData\Local\Programs\Python\Python39\Scripts\;C:\Users\homee\AppData\Local\Programs\Python\Python39\;C:\Users\homee\AppData\Local\Programs\Python\Python311\Scripts\;C:\Users\homee\AppData\Local\Programs\Python\Python311\;C:\Users\homee\AppData\Local\Programs\Python\Python315\Scripts\;C:\Users\homee\AppData\Local\Programs\Python\Python315\;C:\Users\homee\AppData\Local\Programs\Python\Launcher\;C:\Users\homee\AppData\Local\Microsoft\WindowsApps;C:\Users\homee\AppData\Local\Programs\Microsoft VS Code\bin
USERNAME=homee
OS=Windows_NT
PROCESSOR_IDENTIFIER=AMD64 Family 23 Model 160 Stepping 0, AuthenticAMD
TMP=C:\Users\homee\AppData\Local\Temp
TEMP=C:\Users\homee\AppData\Local\Temp



Periodic native trim disabled

JNI global refs:
JNI global refs: 13, weak refs: 21

JNI global refs memory usage: 843, weak refs: 841

Process memory usage:
Resident Set Size: 249552K (3% of 7634556K total physical memory with 969380K free physical memory)

OOME stack traces (most recent first):
Classloader memory used:
Loader jdk.internal.loader.ClassLoaders$AppClassLoader                                 : 5181K
Loader bootstrap                                                                       : 360K
Loader java.net.URLClassLoader                                                         : 27650B
Loader jdk.internal.reflect.DelegatingClassLoader                                      : 10323B


---------------  S Y S T E M  ---------------

OS:
 Windows 11 , 64 bit Build 26100 (10.0.26100.7920)
OS uptime: 1 days 0:38 hours

CPU: total 8 (initial active 8) (8 cores per cpu, 2 threads per core) family 23 model 160 stepping 0 microcode 0x8a00006, cx8, cmov, fxsr, ht, mmx, 3dnowpref, sse, sse2, sse3, ssse3, sse4a, sse4.1, sse4.2, popcnt, lzcnt, tsc, tscinvbit, avx, avx2, aes, clmul, bmi1, bmi2, adx, sha, fma, vzeroupper, clflush, clflushopt
Processor Information for processor 0
  Max Mhz: 2801, Current Mhz: 2801, Mhz Limit: 2801
Processor Information for processor 1
  Max Mhz: 2801, Current Mhz: 2801, Mhz Limit: 2801
Processor Information for processor 2
  Max Mhz: 2801, Current Mhz: 2246, Mhz Limit: 2801
Processor Information for processor 3
  Max Mhz: 2801, Current Mhz: 2801, Mhz Limit: 2801
Processor Information for processor 4
  Max Mhz: 2801, Current Mhz: 2801, Mhz Limit: 2801
Processor Information for processor 5
  Max Mhz: 2801, Current Mhz: 2801, Mhz Limit: 2801
Processor Information for processor 6
  Max Mhz: 2801, Current Mhz: 2246, Mhz Limit: 2801
Processor Information for processor 7
  Max Mhz: 2801, Current Mhz: 2801, Mhz Limit: 2801

Memory: 4k page, system-wide physical 7455M (946M free)
TotalPageFile size 16709M (AvailPageFile size 7M)
current process WorkingSet (physical memory assigned to process): 244M, peak: 246M
current process commit charge ("private bytes"): 282M, peak: 287M

vm_info: OpenJDK 64-Bit Server VM (17.0.14+1-b1367.22) for windows-amd64 JRE (17.0.14+1-b1367.22), built on 2025-01-30 by "builduser" with MS VC++ 16.10 / 16.11 (VS2019)

END.
